"M:/GitHub/ShooterProject/Content/Maps/Geometry/Meshes/1M_Cube_Chamfer.uasset" 0
"../../../Engine/Content/Animation/DefaultAnimBoneCompressionSettings.uasset" 1
"../../../Engine/Content/Animation/DefaultAnimCurveCompressionSettings.uasset" 2
"../../../Engine/Content/EngineMeshes/Humanoid.uasset" 3
"M:/GitHub/ShooterProject/Content/Animation/UE4_Mannequin/Mesh/UE4_Mannequin_Skeleton.uasset" 4
"M:/GitHub/ShooterProject/Content/Animation/Animations/AimOffsets/Aim_CC.uasset" 5
"M:/GitHub/ShooterProject/Content/Animation/Animations/AimOffsets/Aim_L.uasset" 6
"M:/GitHub/ShooterProject/Content/Animation/Animations/AimOffsets/Aim_LD.uasset" 7
"M:/GitHub/ShooterProject/Content/Animation/Animations/AimOffsets/Aim_LU.uasset" 8
"M:/GitHub/ShooterProject/Content/Animation/Animations/AimOffsets/Aim_R.uasset" 9
"M:/GitHub/ShooterProject/Content/Animation/Animations/AimOffsets/Aim_RD.uasset" 10
"M:/GitHub/ShooterProject/Content/Animation/Animations/AimOffsets/Aim_RU.uasset" 11
"M:/GitHub/ShooterProject/Content/Animation/Animations/AimOffsets/Rifle_Crouch_AimAdditive_CC.uasset" 12
"M:/GitHub/ShooterProject/Content/Animation/Animations/AimOffsets/Rifle_Crouch_AimAdditive_CD.uasset" 13
"M:/GitHub/ShooterProject/Content/Animation/Animations/AimOffsets/Rifle_Crouch_AimAdditive_CU.uasset" 14
"M:/GitHub/ShooterProject/Content/Animation/Animations/AimOffsets/Rifle_Crouch_AimAdditive_LC.uasset" 15
"M:/GitHub/ShooterProject/Content/Animation/Animations/AimOffsets/Rifle_Crouch_AimAdditive_LD.uasset" 16
"M:/GitHub/ShooterProject/Content/Animation/Animations/AimOffsets/Rifle_Crouch_AimAdditive_LU.uasset" 17
"M:/GitHub/ShooterProject/Content/Animation/Animations/AimOffsets/Rifle_Crouch_AimAdditive_RC.uasset" 18
"M:/GitHub/ShooterProject/Content/Animation/Animations/AimOffsets/Rifle_Crouch_AimAdditive_RD.uasset" 19
"M:/GitHub/ShooterProject/Content/Animation/Animations/AimOffsets/Rifle_Crouch_AimAdditive_RU.uasset" 20
"M:/GitHub/ShooterProject/Content/Animation/Animations/AimOffsets/Rifle_Prone_AimAdditive_CC.uasset" 21
"M:/GitHub/ShooterProject/Content/Animation/Animations/AimOffsets/Rifle_Prone_AimAdditive_CD.uasset" 22
"M:/GitHub/ShooterProject/Content/Animation/Animations/AimOffsets/Rifle_Prone_AimAdditive_CU.uasset" 23
"M:/GitHub/ShooterProject/Content/Animation/Animations/AimOffsets/Rifle_Prone_AimAdditive_LC.uasset" 24
"M:/GitHub/ShooterProject/Content/Animation/Animations/AimOffsets/Rifle_Prone_AimAdditive_RC.uasset" 25
"M:/GitHub/ShooterProject/Content/Animation/Animations/AimOffsets/NEW/A_Idle_Look_Center.uasset" 26
"M:/GitHub/ShooterProject/Content/Animation/Animations/AimOffsets/NEW/A_Idle_Look_Down.uasset" 27
"M:/GitHub/ShooterProject/Content/Animation/Animations/AimOffsets/NEW/A_Idle_Look_Up.uasset" 28
"M:/GitHub/ShooterProject/Content/Animation/Animations/AimOffsets/NEW/A_Idle_Rifle_Hip.uasset" 29
"M:/GitHub/ShooterProject/Content/Animation/Animations/AimOffsets/NEW/A_Idle_Rifle_Ironsights.uasset" 30
"M:/GitHub/ShooterProject/Content/Animation/Animations/AimOffsets/NEW/A_Offset_Center.uasset" 31
"M:/GitHub/ShooterProject/Content/Animation/Animations/AimOffsets/NEW/A_Offset_Down.uasset" 32
"M:/GitHub/ShooterProject/Content/Animation/Animations/AimOffsets/NEW/A_Offset_Down45.uasset" 33
"M:/GitHub/ShooterProject/Content/Animation/Animations/AimOffsets/NEW/A_Offset_Hip_Center.uasset" 34
"M:/GitHub/ShooterProject/Content/Animation/Animations/AimOffsets/NEW/A_Offset_Hip_Down.uasset" 35
"M:/GitHub/ShooterProject/Content/Animation/Animations/AimOffsets/NEW/A_Offset_Hip_Up.uasset" 36
"M:/GitHub/ShooterProject/Content/Animation/Animations/AimOffsets/NEW/A_Offset_Up.uasset" 37
"M:/GitHub/ShooterProject/Content/Animation/Animations/AimOffsets/NEW/A_Offset_Up45.uasset" 38
"M:/GitHub/ShooterProject/Content/Animation/Animations/InPlace/EquipRifle.uasset" 39
"M:/GitHub/ShooterProject/Content/Animation/Animations/InPlace/HolsterRifle.uasset" 40
"M:/GitHub/ShooterProject/Content/Animation/Animations/InPlace/Rifle_Climb_1m.uasset" 41
"M:/GitHub/ShooterProject/Content/Animation/Animations/InPlace/Rifle_Crouch_Burst.uasset" 42
"M:/GitHub/ShooterProject/Content/Animation/Animations/InPlace/Rifle_Crouch_Reload.uasset" 43
"M:/GitHub/ShooterProject/Content/Animation/Animations/InPlace/Rifle_Crouch_Reload2.uasset" 44
"M:/GitHub/ShooterProject/Content/Animation/Animations/InPlace/Rifle_Crouch_StrafeLeft135.uasset" 45
"M:/GitHub/ShooterProject/Content/Animation/Animations/InPlace/Rifle_Crouch_StrafeLeftt45.uasset" 46
"M:/GitHub/ShooterProject/Content/Animation/Animations/InPlace/Rifle_Crouch_StrafeRight135.uasset" 47
"M:/GitHub/ShooterProject/Content/Animation/Animations/InPlace/Rifle_Crouch_StrafeRight45.uasset" 48
"M:/GitHub/ShooterProject/Content/Animation/Animations/InPlace/Rifle_Crouch_TurnL90.uasset" 49
"M:/GitHub/ShooterProject/Content/Animation/Animations/InPlace/Rifle_Crouch_TurnR90.uasset" 50
"M:/GitHub/ShooterProject/Content/Animation/Animations/InPlace/Rifle_Crouch_WalkBwd.uasset" 51
"M:/GitHub/ShooterProject/Content/Animation/Animations/InPlace/Rifle_Crouch_WalkBwdStart.uasset" 52
"M:/GitHub/ShooterProject/Content/Animation/Animations/InPlace/Rifle_Crouch_WalkBwdStop_LU.uasset" 53
"M:/GitHub/ShooterProject/Content/Animation/Animations/InPlace/Rifle_Crouch_WalkBwdStop_RU.uasset" 54
"M:/GitHub/ShooterProject/Content/Animation/Animations/InPlace/Rifle_Crouch_WalkFwd.uasset" 55
"M:/GitHub/ShooterProject/Content/Animation/Animations/InPlace/Rifle_Crouch_WalkFwdStart.uasset" 56
"M:/GitHub/ShooterProject/Content/Animation/Animations/InPlace/Rifle_Crouch_WalkFwdStop_LU.uasset" 57
"M:/GitHub/ShooterProject/Content/Animation/Animations/InPlace/Rifle_Crouch_WalkFwdStop_RU.uasset" 58
"M:/GitHub/ShooterProject/Content/Animation/Animations/InPlace/Rifle_Crouch_WalkLt.uasset" 59
"M:/GitHub/ShooterProject/Content/Animation/Animations/InPlace/Rifle_Crouch_WalkLtStart.uasset" 60
"M:/GitHub/ShooterProject/Content/Animation/Animations/InPlace/Rifle_Crouch_WalkLtStop_LU.uasset" 61
"M:/GitHub/ShooterProject/Content/Animation/Animations/InPlace/Rifle_Crouch_WalkLtStop_RU.uasset" 62
"M:/GitHub/ShooterProject/Content/Animation/Animations/InPlace/Rifle_Crouch_WalkRt.uasset" 63
"M:/GitHub/ShooterProject/Content/Animation/Animations/InPlace/Rifle_Crouch_WalkRtStart.uasset" 64
"M:/GitHub/ShooterProject/Content/Animation/Animations/InPlace/Rifle_Crouch_WalkRtStop_LU.uasset" 65
"M:/GitHub/ShooterProject/Content/Animation/Animations/InPlace/Rifle_Crouch_WalkRtStop_RU.uasset" 66
"M:/GitHub/ShooterProject/Content/Animation/Animations/InPlace/Rifle_Death_3.uasset" 67
"M:/GitHub/ShooterProject/Content/Animation/Animations/InPlace/Rifle_Death_L.uasset" 68
"M:/GitHub/ShooterProject/Content/Animation/Animations/InPlace/Rifle_Death_R.uasset" 69
"M:/GitHub/ShooterProject/Content/Animation/Animations/InPlace/Rifle_FallingLoop.uasset" 70
"M:/GitHub/ShooterProject/Content/Animation/Animations/InPlace/Rifle_Grenade_Throw_Cancel.uasset" 71
"M:/GitHub/ShooterProject/Content/Animation/Animations/InPlace/Rifle_Grenade_Throw_Close.uasset" 72
"M:/GitHub/ShooterProject/Content/Animation/Animations/InPlace/Rifle_Grenade_Throw_Far.uasset" 73
"M:/GitHub/ShooterProject/Content/Animation/Animations/InPlace/Rifle_Grenade_Throw_Loop.uasset" 74
"M:/GitHub/ShooterProject/Content/Animation/Animations/InPlace/Rifle_Grenade_Throw_Single.uasset" 75
"M:/GitHub/ShooterProject/Content/Animation/Animations/InPlace/Rifle_Grenade_Throw_Start.uasset" 76
"M:/GitHub/ShooterProject/Content/Animation/Animations/InPlace/Rifle_Hit_C_1.uasset" 77
"M:/GitHub/ShooterProject/Content/Animation/Animations/InPlace/Rifle_Hit_L_1.uasset" 78
"M:/GitHub/ShooterProject/Content/Animation/Animations/InPlace/Rifle_Hit_L_2.uasset" 79
"M:/GitHub/ShooterProject/Content/Animation/Animations/InPlace/Rifle_Hit_R_1.uasset" 80
"M:/GitHub/ShooterProject/Content/Animation/Animations/InPlace/Rifle_Idle_GunDown.uasset" 81
"M:/GitHub/ShooterProject/Content/Animation/Animations/InPlace/Rifle_Idle_GunDown2Idle.uasset" 82
"M:/GitHub/ShooterProject/Content/Animation/Animations/InPlace/Rifle_Jump_IdleFwd_ALL.uasset" 83
"M:/GitHub/ShooterProject/Content/Animation/Animations/InPlace/Rifle_Jump_IdleFwd_Platformer_ALL.uasset" 84
"M:/GitHub/ShooterProject/Content/Animation/Animations/InPlace/Rifle_Jump_Idle_ALL.uasset" 85
"M:/GitHub/ShooterProject/Content/Animation/Animations/InPlace/Rifle_Jump_Platformer_5m_ALL.uasset" 86
"M:/GitHub/ShooterProject/Content/Animation/Animations/InPlace/Rifle_Jump_Platformer_Fall.uasset" 87
"M:/GitHub/ShooterProject/Content/Animation/Animations/InPlace/Rifle_Jump_Platformer_Land.uasset" 88
"M:/GitHub/ShooterProject/Content/Animation/Animations/InPlace/Rifle_Jump_Platformer_Predict_Land.uasset" 89
"M:/GitHub/ShooterProject/Content/Animation/Animations/InPlace/Rifle_Jump_Platformer_Start.uasset" 90
"M:/GitHub/ShooterProject/Content/Animation/Animations/InPlace/Rifle_Jump_WalkFwdShort_ALL.uasset" 91
"M:/GitHub/ShooterProject/Content/Animation/Animations/InPlace/Rifle_Jump_WalkFwd_ALL.uasset" 92
"M:/GitHub/ShooterProject/Content/Animation/Animations/InPlace/Rifle_Melee_Hard.uasset" 93
"M:/GitHub/ShooterProject/Content/Animation/Animations/InPlace/Rifle_Melee_Kick.uasset" 94
"M:/GitHub/ShooterProject/Content/Animation/Animations/InPlace/Rifle_OpenDoor.uasset" 95
"M:/GitHub/ShooterProject/Content/Animation/Animations/InPlace/Rifle_Prone_Burst.uasset" 96
"M:/GitHub/ShooterProject/Content/Animation/Animations/InPlace/Rifle_Prone_Reload.uasset" 97
"M:/GitHub/ShooterProject/Content/Animation/Animations/InPlace/Rifle_Prone_TurnLt45.uasset" 98
"M:/GitHub/ShooterProject/Content/Animation/Animations/InPlace/Rifle_Prone_TurnRt45.uasset" 99
"M:/GitHub/ShooterProject/Content/Animation/Animations/InPlace/Rifle_Prone_WalkBwd.uasset" 100
"M:/GitHub/ShooterProject/Content/Animation/Animations/InPlace/Rifle_Prone_WalkBwdStart.uasset" 101
"M:/GitHub/ShooterProject/Content/Animation/Animations/InPlace/Rifle_Prone_WalkBwd_LU.uasset" 102
"M:/GitHub/ShooterProject/Content/Animation/Animations/InPlace/Rifle_Prone_WalkBwd_RU.uasset" 103
"M:/GitHub/ShooterProject/Content/Animation/Animations/InPlace/Rifle_Prone_WalkFwd.uasset" 104
"M:/GitHub/ShooterProject/Content/Animation/Animations/InPlace/Rifle_Prone_WalkFwdStart.uasset" 105
"M:/GitHub/ShooterProject/Content/Animation/Animations/InPlace/Rifle_Prone_WalkFwdStop_LU.uasset" 106
"M:/GitHub/ShooterProject/Content/Animation/Animations/InPlace/Rifle_Prone_WalkFwdStop_RU.uasset" 107
"M:/GitHub/ShooterProject/Content/Animation/Animations/InPlace/Rifle_ShootBurst.uasset" 108
"M:/GitHub/ShooterProject/Content/Animation/Animations/InPlace/Rifle_ShootBurstLong.uasset" 109
"M:/GitHub/ShooterProject/Content/Animation/Animations/InPlace/Rifle_ShootGrenade.uasset" 110
"M:/GitHub/ShooterProject/Content/Animation/Animations/InPlace/Rifle_ShootLoop_Additive.uasset" 111
"M:/GitHub/ShooterProject/Content/Animation/Animations/InPlace/Rifle_ShootOnce.uasset" 112
"M:/GitHub/ShooterProject/Content/Animation/Animations/InPlace/Rifle_SprintLoop.uasset" 113
"M:/GitHub/ShooterProject/Content/Animation/Animations/InPlace/Rifle_SprintStart.uasset" 114
"M:/GitHub/ShooterProject/Content/Animation/Animations/InPlace/Rifle_SprintStop_LU.uasset" 115
"M:/GitHub/ShooterProject/Content/Animation/Animations/InPlace/Rifle_SprintStop_RU.uasset" 116
"M:/GitHub/ShooterProject/Content/Animation/Animations/InPlace/Rifle_StrafeLeftStart.uasset" 117
"M:/GitHub/ShooterProject/Content/Animation/Animations/InPlace/Rifle_StrafeLeftStop_LU.uasset" 118
"M:/GitHub/ShooterProject/Content/Animation/Animations/InPlace/Rifle_StrafeLeftStop_RU.uasset" 119
"M:/GitHub/ShooterProject/Content/Animation/Animations/InPlace/Rifle_StrafeRightStart.uasset" 120
"M:/GitHub/ShooterProject/Content/Animation/Animations/InPlace/Rifle_StrafeRightStop_LU.uasset" 121
"M:/GitHub/ShooterProject/Content/Animation/Animations/InPlace/Rifle_StrafeRightStop_RU.uasset" 122
"M:/GitHub/ShooterProject/Content/Animation/Animations/InPlace/Rifle_StrafeRun135LeftLoop.uasset" 123
"M:/GitHub/ShooterProject/Content/Animation/Animations/InPlace/Rifle_StrafeRun135RightLoop.uasset" 124
"M:/GitHub/ShooterProject/Content/Animation/Animations/InPlace/Rifle_TurnL_180.uasset" 125
"M:/GitHub/ShooterProject/Content/Animation/Animations/InPlace/Rifle_TurnL_90.uasset" 126
"M:/GitHub/ShooterProject/Content/Animation/Animations/InPlace/Rifle_TurnL_90Loop.uasset" 127
"M:/GitHub/ShooterProject/Content/Animation/Animations/InPlace/Rifle_TurnR_180.uasset" 128
"M:/GitHub/ShooterProject/Content/Animation/Animations/InPlace/Rifle_TurnR_90.uasset" 129
"M:/GitHub/ShooterProject/Content/Animation/Animations/InPlace/Rifle_TurnR_90Loop.uasset" 130
"M:/GitHub/ShooterProject/Content/Animation/Animations/InPlace/Rifle_Vault_1m.uasset" 131
"M:/GitHub/ShooterProject/Content/Animation/Animations/InPlace/Rifle_WalkBwdStart.uasset" 132
"M:/GitHub/ShooterProject/Content/Animation/Animations/InPlace/Rifle_WalkBwdStop_LU.uasset" 133
"M:/GitHub/ShooterProject/Content/Animation/Animations/InPlace/Rifle_WalkBwdStop_RU.uasset" 134
"M:/GitHub/ShooterProject/Content/Animation/Animations/InPlace/Rifle_WalkFwdStart180_L.uasset" 135
"M:/GitHub/ShooterProject/Content/Animation/Animations/InPlace/Rifle_WalkFwdStart180_R.uasset" 136
"M:/GitHub/ShooterProject/Content/Animation/Animations/InPlace/Rifle_WalkFwdStart90_L.uasset" 137
"M:/GitHub/ShooterProject/Content/Animation/Animations/InPlace/Rifle_WalkFwdStart90_R.uasset" 138
"M:/GitHub/ShooterProject/Content/Animation/Animations/InPlace/Rifle_WalkFwdStop_LU.uasset" 139
"M:/GitHub/ShooterProject/Content/Animation/Animations/InPlace/Rifle_WalkFwdStop_RU.uasset" 140
"M:/GitHub/ShooterProject/Content/Animation/BlendSpaces/StartRun.uasset" 141
"M:/GitHub/ShooterProject/Content/Animation/Animations/InPlace/Rifle_WalkFwdStart.uasset" 142
"M:/GitHub/ShooterProject/Content/Animation/Animations/InPlace/Rifle_WalkFwdLoop.uasset" 143
"M:/GitHub/ShooterProject/Content/Animation/BlendSpaces/StartWalk.uasset" 144
"M:/GitHub/ShooterProject/Content/Animation/BlendSpaces/NEW/A_Jump_Down.uasset" 145
"M:/GitHub/ShooterProject/Content/Animation/BlendSpaces/NEW/A_Jump_Loop.uasset" 146
"M:/GitHub/ShooterProject/Content/Animation/BlendSpaces/NEW/A_Jump_Up.uasset" 147
"M:/GitHub/ShooterProject/Content/Animation/BlendSpaces/NEW/A_Run_Backward.uasset" 148
"M:/GitHub/ShooterProject/Content/Animation/BlendSpaces/NEW/A_Run_Forward.uasset" 149
"M:/GitHub/ShooterProject/Content/Animation/BlendSpaces/NEW/A_Run_Left.uasset" 150
"M:/GitHub/ShooterProject/Content/Animation/BlendSpaces/NEW/A_Run_Right.uasset" 151
"M:/GitHub/ShooterProject/Content/Animation/UE4_Mannequin/Mesh/SK_Mannequin_PhysicsAsset.uasset" 152
"M:/GitHub/ShooterProject/Content/Animation/UE4_Mannequin/Textures/UE4Man_Logo_N.uasset" 153
"M:/GitHub/ShooterProject/Content/Animation/UE4_Mannequin/Textures/UE4_Mannequin_occlusion_Mobile.uasset" 154
"M:/GitHub/ShooterProject/Content/Animation/UE4_Mannequin/Textures/UE4_Mannequin_MAT_MASKA.uasset" 155
"M:/GitHub/ShooterProject/Content/Animation/UE4_Mannequin/Textures/UE4_Mannequin__normals.uasset" 156
"M:/GitHub/ShooterProject/Content/Animation/UE4_Mannequin/Textures/UE4_LOGO_CARD.uasset" 157
"M:/GitHub/ShooterProject/Content/Animation/UE4_Mannequin/Materials/MaterialLayers/T_ML_Rubber_Blue_01_N.uasset" 158
"M:/GitHub/ShooterProject/Content/Animation/UE4_Mannequin/Materials/MaterialLayers/T_ML_Rubber_Blue_01_D.uasset" 159
"M:/GitHub/ShooterProject/Content/Animation/UE4_Mannequin/Materials/MaterialLayers/T_ML_Aluminum01_N.uasset" 160
"M:/GitHub/ShooterProject/Content/Animation/UE4_Mannequin/Materials/MaterialLayers/T_ML_Aluminum01.uasset" 161
"M:/GitHub/ShooterProject/Content/Animation/UE4_Mannequin/Materials/MaterialLayers/ML_SoftMetal_UE4.uasset" 162
"M:/GitHub/ShooterProject/Content/Animation/UE4_Mannequin/Materials/MaterialLayers/ML_Plastic_Shiny_Beige_LOGO.uasset" 163
"M:/GitHub/ShooterProject/Content/Animation/UE4_Mannequin/Materials/MaterialLayers/ML_Plastic_Shiny_Beige.uasset" 164
"M:/GitHub/ShooterProject/Content/Animation/UE4_Mannequin/Materials/MaterialLayers/ML_GlossyBlack_Latex_UE4.uasset" 165
"../../../Engine/Content/Functions/MaterialLayerFunctions/MatLayerBlend_Simple.uasset" 166
"../../../Engine/Content/Functions/Engine_MaterialFunctions02/Utility/BlendAngleCorrectedNormals.uasset" 167
"../../../Engine/Content/Functions/MaterialLayerFunctions/MatLayerBlend_NormalBlend.uasset" 168
"../../../Engine/Content/Functions/MaterialLayerFunctions/MatLayerBlend_AO.uasset" 169
"M:/GitHub/ShooterProject/Content/Animation/UE4_Mannequin/Materials/M_UE4Man_Body.uasset" 170
"M:/GitHub/ShooterProject/Content/Animation/UE4_Mannequin/Materials/M_UE4Man_ChestLogo.uasset" 171
"M:/GitHub/ShooterProject/Content/Animation/UE4_Mannequin/Mesh/SK_Mannequin.uasset" 172
"M:/GitHub/ShooterProject/Content/Blueprints/UI/BP_InGameHUD.uasset" 173
"M:/GitHub/ShooterProject/Content/Blueprints/Player/BP_PlayerState.uasset" 174
"M:/GitHub/ShooterProject/Content/Blueprints/UI/Widget/WBP_ItemDragVisual.uasset" 175
"M:/GitHub/ShooterProject/Content/Blueprints/UI/DragAndDrop/BP_ItemDragDropOperation.uasset" 176
"M:/GitHub/ShooterProject/Content/Blueprints/UI/Widget/WBP_InventoryItem.uasset" 177
"M:/GitHub/ShooterProject/Content/Blueprints/UI/DragAndDrop/BP_Item_DragAndDrop.uasset" 178
"../../../Engine/Content/EditorBlueprintResources/StandardMacros.uasset" 179
"M:/GitHub/ShooterProject/Content/Blueprints/UI/Widget/WBP_HotbarSlot.uasset" 180
"M:/GitHub/ShooterProject/Content/Blueprints/UI/DragAndDrop/BP_Equipment_DragAndDrop.uasset" 181
"M:/GitHub/ShooterProject/Content/Blueprints/UI/Widget/WBP_InventoryWidget.uasset" 182
"M:/GitHub/ShooterProject/Content/Blueprints/UI/Widget/WBP_DropWidget.uasset" 183
"M:/GitHub/ShooterProject/Content/Blueprints/UI/Textures/RT_PlayerPreview.uasset" 184
"M:/GitHub/ShooterProject/Content/Blueprints/UI/Textures/M_PlayerPreview.uasset" 185
"M:/GitHub/ShooterProject/Content/Meshes/Pickups/T_AmmoBox_SRM.uasset" 186
"M:/GitHub/ShooterProject/Content/Meshes/Pickups/T_AmmoBox_N.uasset" 187
"M:/GitHub/ShooterProject/Content/Meshes/Pickups/T_AmmoBox_D.uasset" 188
"M:/GitHub/ShooterProject/Content/Meshes/Pickups/M_AmmoBox.uasset" 189
"M:/GitHub/ShooterProject/Content/Meshes/Pickups/SM_AmmoBox_7_62mm.uasset" 190
"M:/GitHub/ShooterProject/Content/Blueprints/UI/Widget/WBP_InventoryItemToolTip.uasset" 191
"M:/GitHub/ShooterProject/Content/Blueprints/Items/Weapons/AK47/Magazine_AK47.uasset" 192
"M:/GitHub/ShooterProject/Content/Meshes/Weapons/AK47/Materials/T_AKOcclusionRoughnessMetallic.uasset" 193
"M:/GitHub/ShooterProject/Content/Meshes/Weapons/AK47/Materials/T_AKNormal.uasset" 194
"M:/GitHub/ShooterProject/Content/Meshes/Weapons/AK47/Materials/T_AKBaseColor.uasset" 195
"M:/GitHub/ShooterProject/Content/Meshes/Weapons/AK47/Materials/M_AK47.uasset" 196
"M:/GitHub/ShooterProject/Content/Meshes/Weapons/AK47/SM_AK47.uasset" 197
"M:/GitHub/ShooterProject/Content/TFPSPawnFiles/Textures/BulletDecal_M.uasset" 198
"M:/GitHub/ShooterProject/Content/Sounds/AssaultRifle_Shot05.uasset" 199
"M:/GitHub/ShooterProject/Content/Sounds/AssaultRifle_Shot05_Cue.uasset" 200
"M:/GitHub/ShooterProject/Content/Particles/P_Gunshot.uasset" 201
"M:/GitHub/ShooterProject/Content/Blueprints/Items/Weapons/AK47/RecoilPattern_AK47.uasset" 202
"M:/GitHub/ShooterProject/Content/Animation/Animations/InPlace/Rifle_Reload_2.uasset" 203
"M:/GitHub/ShooterProject/Content/PlaceholderAssets/Animations/Reload_Rifle_Hip_Montage.uasset" 204
"M:/GitHub/ShooterProject/Content/Meshes/Weapons/AK47/Mesh/AK47_Skeleton.uasset" 205
"M:/GitHub/ShooterProject/Content/Meshes/Weapons/AK47/Mesh/SK_AK47.uasset" 206
"M:/GitHub/ShooterProject/Content/Blueprints/Items/Weapons/AK47/BP_Weap_AK47.uasset" 207
"M:/GitHub/ShooterProject/Content/Blueprints/Items/Weapons/AK47/BP_AK47_Item.uasset" 208
"M:/GitHub/ShooterProject/Content/Meshes/Character/Materials/Clothing/T_Helmet_SRM.uasset" 209
"M:/GitHub/ShooterProject/Content/Meshes/Character/Materials/Clothing/T_Helmet_N.uasset" 210
"M:/GitHub/ShooterProject/Content/Meshes/Character/Materials/Clothing/T_Helmet_D.uasset" 211
"M:/GitHub/ShooterProject/Content/Meshes/Character/Materials/Clothing/T_Boots_SRM.uasset" 212
"M:/GitHub/ShooterProject/Content/Meshes/Character/Materials/Clothing/T_Boots_N.uasset" 213
"M:/GitHub/ShooterProject/Content/Meshes/Character/Materials/Clothing/T_Boots_D.uasset" 214
"M:/GitHub/ShooterProject/Content/Meshes/Character/Materials/Clothing/M_ClothingMaster.uasset" 215
"M:/GitHub/ShooterProject/Content/Meshes/Character/Materials/Clothing/MI_Helmet.uasset" 216
"M:/GitHub/ShooterProject/Content/Meshes/Pickups/SM_Helmet.uasset" 217
"M:/GitHub/ShooterProject/Content/Blueprints/UI/Widget/WBP_InteractionCard.uasset" 218
"M:/GitHub/ShooterProject/Content/Blueprints/Items/Pickups/BP_PickupBase.uasset" 219
"M:/GitHub/ShooterProject/Content/PlaceholderAssets/Animations/UE4_Mannequin/Mesh/SK_Mannequin_PhysicsAsset.uasset" 220
"M:/GitHub/ShooterProject/Content/Meshes/Character/Materials/Naked/BaseBody_Spec_Rough_Scater_AO.uasset" 221
"M:/GitHub/ShooterProject/Content/Meshes/Character/Materials/Naked/BaseBody_NORMAL.uasset" 222
"M:/GitHub/ShooterProject/Content/Meshes/Character/Materials/Naked/BaseBody_Diffuse.uasset" 223
"M:/GitHub/ShooterProject/Content/Meshes/Character/Materials/Naked/M_Body.uasset" 224
"M:/GitHub/ShooterProject/Content/Meshes/Character/Meshes/SK_BaseBody_Torso.uasset" 225
"M:/GitHub/ShooterProject/Content/Meshes/Character/Materials/Naked/Underware_NORM.uasset" 226
"M:/GitHub/ShooterProject/Content/Meshes/Character/Materials/Naked/Underware_Diffuse.uasset" 227
"M:/GitHub/ShooterProject/Content/Meshes/Character/Materials/Naked/Underware_AORoughMetal.uasset" 228
"M:/GitHub/ShooterProject/Content/Meshes/Character/Materials/Naked/M_Underwear.uasset" 229
"M:/GitHub/ShooterProject/Content/Meshes/Character/Meshes/SK_BaseBody_Legs.uasset" 230
"M:/GitHub/ShooterProject/Content/Meshes/Character/Materials/Naked/BaseHead_Spec_Rough_Scater_AO.uasset" 231
"M:/GitHub/ShooterProject/Content/Meshes/Character/Materials/Naked/BaseHead_NORM.uasset" 232
"M:/GitHub/ShooterProject/Content/Meshes/Character/Materials/Naked/BaseHead_Diffuse.uasset" 233
"M:/GitHub/ShooterProject/Content/Meshes/Character/Materials/Naked/M_Head.uasset" 234
"M:/GitHub/ShooterProject/Content/Meshes/Character/Meshes/SK_BaseBody_Head.uasset" 235
"M:/GitHub/ShooterProject/Content/Meshes/Character/Meshes/SK_BaseBody_Hands.uasset" 236
"M:/GitHub/ShooterProject/Content/Meshes/Character/Meshes/SK_BaseBody_Feet.uasset" 237
"../../../Engine/Content/EditorBlueprintResources/ActorMacros.uasset" 238
"M:/GitHub/ShooterProject/Content/TUTORIAL_RESOURCES/Animations/Fast_Left_Hook.uasset" 239
"M:/GitHub/ShooterProject/Content/TUTORIAL_RESOURCES/Animations/MeleeFistAttackMontage.uasset" 240
"M:/GitHub/ShooterProject/Content/PlaceholderAssets/Animations/Hit_React_3.uasset" 241
"M:/GitHub/ShooterProject/Content/PlaceholderAssets/Animations/New_HitReact_3.uasset" 242
"M:/GitHub/ShooterProject/Content/PlaceholderAssets/Animations/Hit_React_2.uasset" 243
"M:/GitHub/ShooterProject/Content/PlaceholderAssets/Animations/New_HitReact_2.uasset" 244
"M:/GitHub/ShooterProject/Content/PlaceholderAssets/Animations/Hit_React_1.uasset" 245
"M:/GitHub/ShooterProject/Content/PlaceholderAssets/Animations/New_HitReact_1.uasset" 246
"M:/GitHub/ShooterProject/Content/Animation/Animations/InPlace/Rifle_CrouchLoop.uasset" 247
"M:/GitHub/ShooterProject/Content/Animation/Animations/InPlace/Rifle_Crouch2Prone.uasset" 248
"M:/GitHub/ShooterProject/Content/Animation/Animations/InPlace/Rifle_Crouch2Idle.uasset" 249
"M:/GitHub/ShooterProject/Content/Animation/Animations/InPlace/Rifle_Idle2Crouch.uasset" 250
"M:/GitHub/ShooterProject/Content/Animation/Animations/InPlace/Rifle_Idle2Prone.uasset" 251
"M:/GitHub/ShooterProject/Content/Animation/Animations/InPlace/Rifle_Prone.uasset" 252
"M:/GitHub/ShooterProject/Content/Animation/Animations/InPlace/Rifle_Prone2Crouch.uasset" 253
"M:/GitHub/ShooterProject/Content/Animation/Animations/InPlace/Rifle_Prone2Idle.uasset" 254
"M:/GitHub/ShooterProject/Content/Animation/BlendSpaces/NEW/A_Run_Right_Unarmed.uasset" 255
"M:/GitHub/ShooterProject/Content/Animation/BlendSpaces/NEW/A_Run_Left_Unarmed.uasset" 256
"M:/GitHub/ShooterProject/Content/Animation/BlendSpaces/NEW/A_Run_Forward_Unarmed.uasset" 257
"M:/GitHub/ShooterProject/Content/Animation/BlendSpaces/NEW/A_Run_Backward_Unarmed.uasset" 258
"M:/GitHub/ShooterProject/Content/Animation/BlendSpaces/NEW/A_Idle_Unarmed.uasset" 259
"M:/GitHub/ShooterProject/Content/Animation/BlendSpaces/BS_Unarmed_Movement.uasset" 260
"M:/GitHub/ShooterProject/Content/Animation/Upperbody/IDLE/Upperbody_Rifle_Resting_IDLE.uasset" 261
"M:/GitHub/ShooterProject/Content/Animation/AimOffsets/AimOffsetAnimations/Resting/Rifle_Resting_LookUp.uasset" 262
"M:/GitHub/ShooterProject/Content/Animation/AimOffsets/AimOffsetAnimations/Resting/Rifle_Resting_LookDown.uasset" 263
"M:/GitHub/ShooterProject/Content/Animation/AimOffsets/AimOffsetAnimations/Resting/Rifle_Resting_Center.uasset" 264
"M:/GitHub/ShooterProject/Content/Animation/AimOffsets/AimOffsetAnimations/Resting/AO_Rifle_Resting.uasset" 265
"M:/GitHub/ShooterProject/Content/Animation/Upperbody/Ready/Upperbody_Rifle_Ready.uasset" 266
"M:/GitHub/ShooterProject/Content/Animation/AimOffsets/AimOffsetAnimations/Ready/Rifle_Ready_LookUp.uasset" 267
"M:/GitHub/ShooterProject/Content/Animation/AimOffsets/AimOffsetAnimations/Ready/Rifle_Ready_LookDown.uasset" 268
"M:/GitHub/ShooterProject/Content/Animation/AimOffsets/AimOffsetAnimations/Ready/Rifle_Ready_Center.uasset" 269
"M:/GitHub/ShooterProject/Content/Animation/AimOffsets/AimOffsetAnimations/Ready/AO_Rifle_Ready.uasset" 270
"M:/GitHub/ShooterProject/Content/Animation/Animations/AimOffsets/Unarmed/Unarmed_Idle.uasset" 271
"M:/GitHub/ShooterProject/Content/Animation/Animations/AimOffsets/Unarmed/Unarmed_LookUp.uasset" 272
"M:/GitHub/ShooterProject/Content/Animation/Animations/AimOffsets/Unarmed/Unarmed_LookDown.uasset" 273
"M:/GitHub/ShooterProject/Content/Animation/Animations/AimOffsets/Unarmed/Unarmed_LookCenter.uasset" 274
"M:/GitHub/ShooterProject/Content/Animation/AimOffsets/AO_Unarmed.uasset" 275
"M:/GitHub/ShooterProject/Content/Animation/AimOffsets/Test/Rifle_Idle1.uasset" 276
"M:/GitHub/ShooterProject/Content/Animation/AimOffsets/Test/Aim_Up.uasset" 277
"M:/GitHub/ShooterProject/Content/Animation/AimOffsets/Test/Aim_Down.uasset" 278
"M:/GitHub/ShooterProject/Content/Animation/AimOffsets/Test/Aim_Center.uasset" 279
"M:/GitHub/ShooterProject/Content/Animation/AimOffsets/AO_Armed_Rifle_Aim.uasset" 280
"M:/GitHub/ShooterProject/Content/Animation/Animations/InPlace/Rifle_Idle.uasset" 281
"M:/GitHub/ShooterProject/Content/Animation/Animations/InPlace/Rifle_StrafeRunRightLoop.uasset" 282
"M:/GitHub/ShooterProject/Content/Animation/Animations/InPlace/Rifle_StrafeRunLeftLoop.uasset" 283
"M:/GitHub/ShooterProject/Content/Animation/Animations/InPlace/Rifle_StrafeRun45RightLoop.uasset" 284
"M:/GitHub/ShooterProject/Content/Animation/Animations/InPlace/Rifle_StrafeRun45LeftLoop.uasset" 285
"M:/GitHub/ShooterProject/Content/Animation/Animations/InPlace/Rifle_StrafeRightLoop.uasset" 286
"M:/GitHub/ShooterProject/Content/Animation/Animations/InPlace/Rifle_StrafeRight45Loop.uasset" 287
"M:/GitHub/ShooterProject/Content/Animation/Animations/InPlace/Rifle_StrafeRight135Loop.uasset" 288
"M:/GitHub/ShooterProject/Content/Animation/Animations/InPlace/Rifle_StrafeLeft45Loop.uasset" 289
"M:/GitHub/ShooterProject/Content/Animation/Animations/InPlace/Rifle_StrafeLeftLoop.uasset" 290
"M:/GitHub/ShooterProject/Content/Animation/Animations/InPlace/Rifle_RunFwdLoop.uasset" 291
"M:/GitHub/ShooterProject/Content/Animation/Animations/InPlace/Rifle_RunBwdLoop.uasset" 292
"M:/GitHub/ShooterProject/Content/Animation/Animations/InPlace/Rifle_StrafeLeft135Loop.uasset" 293
"M:/GitHub/ShooterProject/Content/Animation/Animations/InPlace/Rifle_WalkBwdLoop.uasset" 294
"M:/GitHub/ShooterProject/Content/Animation/BlendSpaces/BS_Rifle_Movement.uasset" 295
"M:/GitHub/ShooterProject/Content/Blueprints/Player/BP_PlayerAnim.uasset" 296
"M:/GitHub/ShooterProject/Content/Particles/P_Blood.uasset" 297
"M:/GitHub/ShooterProject/Content/Blueprints/Player/BP_PlayerCharacter.uasset" 298
"M:/GitHub/ShooterProject/Content/Blueprints/UI/Widget/WBP_Hotbar.uasset" 299
"M:/GitHub/ShooterProject/Content/Blueprints/UI/Widget/WPB_Inventory.uasset" 300
"M:/GitHub/ShooterProject/Content/Blueprints/UI/Widget/WBP_NotificationMessage.uasset" 301
"M:/GitHub/ShooterProject/Content/Blueprints/UI/Widget/WBP_NotificationStack.uasset" 302
"M:/GitHub/ShooterProject/Content/Blueprints/UI/Widget/WBP_Main.uasset" 303
"M:/GitHub/ShooterProject/Content/Blueprints/UI/Widget/WBP_LootMenu.uasset" 304
"M:/GitHub/ShooterProject/Content/Blueprints/Player/BP_PlayerController.uasset" 305
"M:/GitHub/ShooterProject/Content/Blueprints/Framework/BP_GameState.uasset" 306
"M:/GitHub/ShooterProject/Content/Blueprints/Framework/BP_GameMode.uasset" 307
"M:/GitHub/ShooterProject/Content/Blueprints/BP_GameMode.uasset" 308
"M:/GitHub/ShooterProject/Content/Blueprints/PlayerCharacter.uasset" 309
"M:/GitHub/ShooterProject/Content/Blueprints/Player_Blueprint1.uasset" 310
"M:/GitHub/ShooterProject/Content/Blueprints/Framework/BP_GameInstance.uasset" 311
"M:/GitHub/ShooterProject/Content/Blueprints/WidgetTextures/Primary_Normal.uasset" 312
"M:/GitHub/ShooterProject/Content/Blueprints/WidgetTextures/Primary_Hover.uasset" 313
"../../../Engine/Content/BasicShapes/BasicShapeMaterial.uasset" 314
"../../../Engine/Content/EngineMaterials/T_Default_Material_Grid_N.uasset" 315
"../../../Engine/Content/EngineMaterials/T_Default_Material_Grid_M.uasset" 316
"../../../Engine/Content/Functions/Engine_MaterialFunctions01/Opacity/CameraDepthFade.uasset" 317
"../../../Engine/Content/EngineMaterials/DefaultMaterial.uasset" 318
"../../../Engine/Content/BasicShapes/Sphere.uasset" 319
"M:/GitHub/ShooterProject/Content/Blueprints/Items/BP_RifleProjectile.uasset" 320
"M:/GitHub/ShooterProject/Content/Blueprints/Items/BP_Pistol.uasset" 321
"M:/GitHub/ShooterProject/Content/Blueprints/Items/BP_Rifle.uasset" 322
"M:/GitHub/ShooterProject/Content/Meshes/Character/Materials/Clothing/T_Shirt_SRM.uasset" 323
"M:/GitHub/ShooterProject/Content/Meshes/Character/Materials/Clothing/T_Shirt_N.uasset" 324
"M:/GitHub/ShooterProject/Content/Meshes/Character/Materials/Clothing/T_Shirt_D.uasset" 325
"M:/GitHub/ShooterProject/Content/Meshes/Character/Materials/Clothing/MI_Shirt.uasset" 326
"M:/GitHub/ShooterProject/Content/Meshes/Pickups/SM_Pickup_Shirt.uasset" 327
"M:/GitHub/ShooterProject/Content/Meshes/Character/Meshes/SK_Shirt.uasset" 328
"M:/GitHub/ShooterProject/Content/Blueprints/Items/Gear/BP_Gear_TShirt.uasset" 329
"M:/GitHub/ShooterProject/Content/Misc/LootTable_Standard.uasset" 330
"M:/GitHub/ShooterProject/Content/Blueprints/Items/ItemSpawn/ItemSpawn_Test.uasset" 331
"M:/GitHub/ShooterProject/Content/Maps/Geometry/Meshes/1M_Cube.uasset" 332
"M:/GitHub/ShooterProject/Content/Blueprints/Items/Loot/BP_LootTest.uasset" 333
"M:/GitHub/ShooterProject/Content/Animation/AimOffsets/Rifle_Aim_Idle.uasset" 334
"M:/GitHub/ShooterProject/Content/Animation/AimOffsets/Rifle_Aim_Center.uasset" 335
"M:/GitHub/ShooterProject/Content/Animation/AimOffsets/Rifle_Aim_Down.uasset" 336
"M:/GitHub/ShooterProject/Content/Animation/AimOffsets/Rifle_Aim_Up.uasset" 337
"M:/GitHub/ShooterProject/Content/Animation/AimOffsets/AimOffsetAnimations/Resting/Rifle_Resting_LookLeft.uasset" 338
"M:/GitHub/ShooterProject/Content/Animation/AimOffsets/AimOffsetAnimations/Resting/Rifle_Resting_LookRight.uasset" 339
"M:/GitHub/ShooterProject/Content/Animation/AimOffsets/Test/Aim_Center_anim.uasset" 340
"M:/GitHub/ShooterProject/Content/Animation/Animations/AimOffsets/Aim_D.uasset" 341
"M:/GitHub/ShooterProject/Content/Animation/Animations/AimOffsets/Aim_idle.uasset" 342
"M:/GitHub/ShooterProject/Content/Animation/Animations/AimOffsets/Aim_U.uasset" 343
"M:/GitHub/ShooterProject/Content/Animation/Animations/InPlace/Rifle_Idle_DONOTUSE.uasset" 344
"M:/GitHub/ShooterProject/Content/Animation/Montages/MontageExample_Punch_1.uasset" 345
"M:/GitHub/ShooterProject/Content/Animation/Montages/Montage_Punch1.uasset" 346
"M:/GitHub/ShooterProject/Content/Blueprints/UI/WBP_InteractionCard.uasset" 347
"M:/GitHub/ShooterProject/Content/Blueprints/UI/DragAndDrop/BP_EquipmentDragDropOperation.uasset" 348
"M:/GitHub/ShooterProject/Content/Blueprints/UI/Widget/WBP_HotbarSelection.uasset" 349
"M:/GitHub/ShooterProject/Content/PlaceholderAssets/Animations/Aim_Space_Hip.uasset" 350
"M:/GitHub/ShooterProject/Content/PlaceholderAssets/Animations/Aim_Space_Ironsights.uasset" 351
"M:/GitHub/ShooterProject/Content/PlaceholderAssets/Animations/BS_CrouchWalk.uasset" 352
"M:/GitHub/ShooterProject/Content/PlaceholderAssets/Animations/BS_Jog.uasset" 353
"M:/GitHub/ShooterProject/Content/PlaceholderAssets/Animations/Crouch_Idle_Rifle_Hip.uasset" 354
"M:/GitHub/ShooterProject/Content/PlaceholderAssets/Animations/Crouch_Idle_Rifle_Ironsights.uasset" 355
"M:/GitHub/ShooterProject/Content/PlaceholderAssets/Animations/Crouch_to_Stand_Rifle_Hip.uasset" 356
"M:/GitHub/ShooterProject/Content/PlaceholderAssets/Animations/Crouch_to_Stand_Rifle_Ironsights.uasset" 357
"M:/GitHub/ShooterProject/Content/PlaceholderAssets/Animations/Crouch_Walk_Bwd_Rifle_Hip.uasset" 358
"M:/GitHub/ShooterProject/Content/PlaceholderAssets/Animations/Crouch_Walk_Bwd_Rifle_Ironsights.uasset" 359
"M:/GitHub/ShooterProject/Content/PlaceholderAssets/Animations/Crouch_Walk_Fwd_Rifle_Hip.uasset" 360
"M:/GitHub/ShooterProject/Content/PlaceholderAssets/Animations/Crouch_Walk_Fwd_Rifle_Ironsights.uasset" 361
"M:/GitHub/ShooterProject/Content/PlaceholderAssets/Animations/Crouch_Walk_Lt_Rifle_Hip.uasset" 362
"M:/GitHub/ShooterProject/Content/PlaceholderAssets/Animations/Crouch_Walk_Lt_Rifle_Ironsights.uasset" 363
"M:/GitHub/ShooterProject/Content/PlaceholderAssets/Animations/Crouch_Walk_Rt_Rifle_Hip.uasset" 364
"M:/GitHub/ShooterProject/Content/PlaceholderAssets/Animations/Crouch_Walk_Rt_Rifle_Ironsights.uasset" 365
"M:/GitHub/ShooterProject/Content/PlaceholderAssets/Animations/Death_1.uasset" 366
"M:/GitHub/ShooterProject/Content/PlaceholderAssets/Animations/Death_2.uasset" 367
"M:/GitHub/ShooterProject/Content/PlaceholderAssets/Animations/Death_3.uasset" 368
"M:/GitHub/ShooterProject/Content/PlaceholderAssets/Animations/Death_Ironsights_1.uasset" 369
"M:/GitHub/ShooterProject/Content/PlaceholderAssets/Animations/Death_Ironsights_2.uasset" 370
"M:/GitHub/ShooterProject/Content/PlaceholderAssets/Animations/Equip_Pistol_Standing.uasset" 371
"M:/GitHub/ShooterProject/Content/PlaceholderAssets/Animations/Equip_Rifle_Standing.uasset" 372
"M:/GitHub/ShooterProject/Content/PlaceholderAssets/Animations/FireHipMontage.uasset" 373
"M:/GitHub/ShooterProject/Content/PlaceholderAssets/Animations/Fire_Rifle_Hip.uasset" 374
"M:/GitHub/ShooterProject/Content/PlaceholderAssets/Animations/Fire_Rifle_Ironsights.uasset" 375
"M:/GitHub/ShooterProject/Content/PlaceholderAssets/Animations/Fire_Shotgun_Hip.uasset" 376
"M:/GitHub/ShooterProject/Content/PlaceholderAssets/Animations/Fire_Shotgun_Ironsights.uasset" 377
"M:/GitHub/ShooterProject/Content/PlaceholderAssets/Animations/Hit_React_2_Montage.uasset" 378
"M:/GitHub/ShooterProject/Content/TFPSPawnFiles/Weapon/AK/AK_rigged_Skeleton.uasset" 379
"M:/GitHub/ShooterProject/Content/TFPSPawnFiles/Animations/AK_Fire_anim.uasset" 380
"M:/GitHub/ShooterProject/Content/FPSPawnFiles/Animations/AK_Fire_anim.uasset" 381
"M:/GitHub/ShooterProject/Content/TFPSPawnFiles/Animations/AK_Reload_anim.uasset" 382
"M:/GitHub/ShooterProject/Content/FPSPawnFiles/Animations/AK_Reload_anim.uasset" 383
"M:/GitHub/ShooterProject/Content/TFPSPawnFiles/Arms/FPSArms_rigged_Skeleton.uasset" 384
"M:/GitHub/ShooterProject/Content/TFPSPawnFiles/Animations/Arms_AK_ADS_anim.uasset" 385
"M:/GitHub/ShooterProject/Content/FPSPawnFiles/Animations/Arms_AK_ADS_anim.uasset" 386
"M:/GitHub/ShooterProject/Content/TFPSPawnFiles/Animations/Arms_AK_ADS_Fire_anim.uasset" 387
"M:/GitHub/ShooterProject/Content/FPSPawnFiles/Animations/Arms_AK_ADS_Fire_anim.uasset" 388
"M:/GitHub/ShooterProject/Content/TFPSPawnFiles/Animations/Arms_AK_ADS_Run_anim.uasset" 389
"M:/GitHub/ShooterProject/Content/FPSPawnFiles/Animations/Arms_AK_ADS_Run_anim.uasset" 390
"M:/GitHub/ShooterProject/Content/TFPSPawnFiles/Animations/Arms_AK_Fire_anim.uasset" 391
"M:/GitHub/ShooterProject/Content/FPSPawnFiles/Animations/Arms_AK_Fire_anim.uasset" 392
"M:/GitHub/ShooterProject/Content/TFPSPawnFiles/Animations/Arms_AK_Idle_anim.uasset" 393
"M:/GitHub/ShooterProject/Content/FPSPawnFiles/Animations/Arms_AK_Idle_anim.uasset" 394
"M:/GitHub/ShooterProject/Content/TFPSPawnFiles/Animations/Arms_AK_JumpEnd_anim.uasset" 395
"M:/GitHub/ShooterProject/Content/FPSPawnFiles/Animations/Arms_AK_JumpEnd_anim.uasset" 396
"M:/GitHub/ShooterProject/Content/TFPSPawnFiles/Animations/Arms_AK_JumpLoop_anim.uasset" 397
"M:/GitHub/ShooterProject/Content/FPSPawnFiles/Animations/Arms_AK_JumpLoop_anim.uasset" 398
"M:/GitHub/ShooterProject/Content/TFPSPawnFiles/Animations/Arms_AK_JumpStart_anim.uasset" 399
"M:/GitHub/ShooterProject/Content/FPSPawnFiles/Animations/Arms_AK_JumpStart_anim.uasset" 400
"M:/GitHub/ShooterProject/Content/TFPSPawnFiles/Animations/Arms_AK_Reload_anim.uasset" 401
"M:/GitHub/ShooterProject/Content/FPSPawnFiles/Animations/Arms_AK_Reload_anim.uasset" 402
"M:/GitHub/ShooterProject/Content/TFPSPawnFiles/Animations/Arms_AK_Run_anim.uasset" 403
"M:/GitHub/ShooterProject/Content/FPSPawnFiles/Animations/Arms_AK_Run_anim.uasset" 404
"M:/GitHub/ShooterProject/Content/TFPSPawnFiles/Animations/Arms_Glock_ADS_anim.uasset" 405
"M:/GitHub/ShooterProject/Content/FPSPawnFiles/Animations/Arms_Glock_ADS_anim.uasset" 406
"M:/GitHub/ShooterProject/Content/TFPSPawnFiles/Animations/Arms_Glock_ADS_Fire_anim.uasset" 407
"M:/GitHub/ShooterProject/Content/FPSPawnFiles/Animations/Arms_Glock_ADS_Fire_anim.uasset" 408
"M:/GitHub/ShooterProject/Content/TFPSPawnFiles/Animations/Arms_Glock_ADS_Run_anim.uasset" 409
"M:/GitHub/ShooterProject/Content/FPSPawnFiles/Animations/Arms_Glock_ADS_Run_anim.uasset" 410
"M:/GitHub/ShooterProject/Content/TFPSPawnFiles/Animations/Arms_Glock_Fire_anim.uasset" 411
"M:/GitHub/ShooterProject/Content/FPSPawnFiles/Animations/Arms_Glock_Fire_anim.uasset" 412
"M:/GitHub/ShooterProject/Content/TFPSPawnFiles/Animations/Arms_Glock_Idle_anim.uasset" 413
"M:/GitHub/ShooterProject/Content/FPSPawnFiles/Animations/Arms_Glock_Idle_anim.uasset" 414
"M:/GitHub/ShooterProject/Content/TFPSPawnFiles/Animations/Arms_Glock_JumpEnd_anim.uasset" 415
"M:/GitHub/ShooterProject/Content/FPSPawnFiles/Animations/Arms_Glock_JumpEnd_anim.uasset" 416
"M:/GitHub/ShooterProject/Content/TFPSPawnFiles/Animations/Arms_Glock_JumpLoop_anim.uasset" 417
"M:/GitHub/ShooterProject/Content/FPSPawnFiles/Animations/Arms_Glock_JumpLoop_anim.uasset" 418
"M:/GitHub/ShooterProject/Content/TFPSPawnFiles/Animations/Arms_Glock_JumpStart_anim.uasset" 419
"M:/GitHub/ShooterProject/Content/FPSPawnFiles/Animations/Arms_Glock_JumpStart_anim.uasset" 420
"M:/GitHub/ShooterProject/Content/TFPSPawnFiles/Animations/Arms_Glock_Reload_anim.uasset" 421
"M:/GitHub/ShooterProject/Content/FPSPawnFiles/Animations/Arms_Glock_Reload_anim.uasset" 422
"M:/GitHub/ShooterProject/Content/TFPSPawnFiles/Animations/Arms_Glock_Run_anim.uasset" 423
"M:/GitHub/ShooterProject/Content/FPSPawnFiles/Animations/Arms_Glock_Run_anim.uasset" 424
"M:/GitHub/ShooterProject/Content/TFPSPawnFiles/Weapon/Glock/Glock_Rigged_Skeleton.uasset" 425
"M:/GitHub/ShooterProject/Content/TFPSPawnFiles/Animations/Glock_Fire_anim.uasset" 426
"M:/GitHub/ShooterProject/Content/FPSPawnFiles/Animations/Glock_Fire_anim.uasset" 427
"M:/GitHub/ShooterProject/Content/TFPSPawnFiles/Animations/Glock_Reload_anim.uasset" 428
"M:/GitHub/ShooterProject/Content/FPSPawnFiles/Animations/Glock_Reload_anim.uasset" 429
"M:/GitHub/ShooterProject/Content/TFPSPawnFiles/Arms/blinn1.uasset" 430
"M:/GitHub/ShooterProject/Content/FPSPawnFiles/Arms/blinn1.uasset" 431
"M:/GitHub/ShooterProject/Content/TFPSPawnFiles/Arms/blinn2.uasset" 432
"M:/GitHub/ShooterProject/Content/FPSPawnFiles/Arms/blinn2.uasset" 433
"M:/GitHub/ShooterProject/Content/TFPSPawnFiles/Textures/FPSArms_D.uasset" 434
"M:/GitHub/ShooterProject/Content/TFPSPawnFiles/Textures/FPSArms_D_Mat.uasset" 435
"M:/GitHub/ShooterProject/Content/TFPSPawnFiles/Arms/FPSArms_rigged_PhysicsAsset.uasset" 436
"M:/GitHub/ShooterProject/Content/TFPSPawnFiles/Arms/FPSArms_rigged.uasset" 437
"M:/GitHub/ShooterProject/Content/FPSPawnFiles/Arms/FPSArms_rigged.uasset" 438
"M:/GitHub/ShooterProject/Content/FPSPawnFiles/Arms/FPSArms_rigged_PhysicsAsset.uasset" 439
"M:/GitHub/ShooterProject/Content/FPSPawnFiles/Arms/FPSArms_rigged_Skeleton.uasset" 440
"M:/GitHub/ShooterProject/Content/TFPSPawnFiles/Textures/AK_D.uasset" 441
"M:/GitHub/ShooterProject/Content/FPSPawnFiles/Textures/AK_D.uasset" 442
"M:/GitHub/ShooterProject/Content/TFPSPawnFiles/Textures/AK_D_Mat.uasset" 443
"M:/GitHub/ShooterProject/Content/FPSPawnFiles/Textures/AK_D_Mat.uasset" 444
"M:/GitHub/ShooterProject/Content/TFPSPawnFiles/Textures/BulletDecal_D.uasset" 445
"M:/GitHub/ShooterProject/Content/FPSPawnFiles/Textures/BulletDecal_D.uasset" 446
"M:/GitHub/ShooterProject/Content/FPSPawnFiles/Textures/BulletDecal_M.uasset" 447
"M:/GitHub/ShooterProject/Content/TFPSPawnFiles/Textures/CrosshairPoint_D.uasset" 448
"M:/GitHub/ShooterProject/Content/FPSPawnFiles/Textures/CrosshairPoint_D.uasset" 449
"M:/GitHub/ShooterProject/Content/FPSPawnFiles/Textures/FPSArms_D.uasset" 450
"M:/GitHub/ShooterProject/Content/FPSPawnFiles/Textures/FPSArms_D_Mat.uasset" 451
"M:/GitHub/ShooterProject/Content/TFPSPawnFiles/Textures/Glock_D.uasset" 452
"M:/GitHub/ShooterProject/Content/FPSPawnFiles/Textures/Glock_D.uasset" 453
"M:/GitHub/ShooterProject/Content/TFPSPawnFiles/Textures/HitVignette.uasset" 454
"M:/GitHub/ShooterProject/Content/FPSPawnFiles/Textures/HitVignette.uasset" 455
"M:/GitHub/ShooterProject/Content/TFPSPawnFiles/Textures/HUD_Slash.uasset" 456
"M:/GitHub/ShooterProject/Content/FPSPawnFiles/Textures/HUD_Slash.uasset" 457
"M:/GitHub/ShooterProject/Content/TFPSPawnFiles/Textures/Icon_Ammo.uasset" 458
"M:/GitHub/ShooterProject/Content/FPSPawnFiles/Textures/Icon_Ammo.uasset" 459
"M:/GitHub/ShooterProject/Content/TFPSPawnFiles/Textures/Icon_Health.uasset" 460
"M:/GitHub/ShooterProject/Content/FPSPawnFiles/Textures/Icon_Health.uasset" 461
"M:/GitHub/ShooterProject/Content/TFPSPawnFiles/Textures/MuzzleFlash_M.uasset" 462
"M:/GitHub/ShooterProject/Content/FPSPawnFiles/Textures/MuzzleFlash_M.uasset" 463
"M:/GitHub/ShooterProject/Content/TFPSPawnFiles/Weapon/AK/AK_rigged_PhysicsAsset.uasset" 464
"M:/GitHub/ShooterProject/Content/TFPSPawnFiles/Weapon/AK/AK_rigged.uasset" 465
"M:/GitHub/ShooterProject/Content/FPSPawnFiles/Weapon/AK/AK_rigged.uasset" 466
"M:/GitHub/ShooterProject/Content/FPSPawnFiles/Weapon/AK/AK_rigged_PhysicsAsset.uasset" 467
"M:/GitHub/ShooterProject/Content/FPSPawnFiles/Weapon/AK/AK_rigged_Skeleton.uasset" 468
"M:/GitHub/ShooterProject/Content/TFPSPawnFiles/Weapon/AK/default2.uasset" 469
"M:/GitHub/ShooterProject/Content/FPSPawnFiles/Weapon/AK/default2.uasset" 470
"M:/GitHub/ShooterProject/Content/TFPSPawnFiles/Weapon/Glock/blinn2.uasset" 471
"M:/GitHub/ShooterProject/Content/FPSPawnFiles/Weapon/Glock/blinn2.uasset" 472
"M:/GitHub/ShooterProject/Content/TFPSPawnFiles/Weapon/Glock/Glock_Rigged_PhysicsAsset.uasset" 473
"M:/GitHub/ShooterProject/Content/TFPSPawnFiles/Weapon/Glock/Glock_Rigged.uasset" 474
"M:/GitHub/ShooterProject/Content/FPSPawnFiles/Weapon/Glock/Glock_Rigged.uasset" 475
"M:/GitHub/ShooterProject/Content/FPSPawnFiles/Weapon/Glock/Glock_Rigged_PhysicsAsset.uasset" 476
"M:/GitHub/ShooterProject/Content/FPSPawnFiles/Weapon/Glock/Glock_Rigged_Skeleton.uasset" 477
"M:/GitHub/ShooterProject/Content/PlaceholderAssets/Animations/FireAimingMontage.uasset" 478
"M:/GitHub/ShooterProject/Content/PlaceholderAssets/Animations/Idle_Pistol.uasset" 479
"M:/GitHub/ShooterProject/Content/PlaceholderAssets/Animations/Idle_Rifle_Hip.uasset" 480
"M:/GitHub/ShooterProject/Content/PlaceholderAssets/Animations/Idle_Rifle_Hip_Break1.uasset" 481
"M:/GitHub/ShooterProject/Content/PlaceholderAssets/Animations/Idle_Rifle_Hip_Break2.uasset" 482
"M:/GitHub/ShooterProject/Content/PlaceholderAssets/Animations/Idle_Rifle_Ironsights.uasset" 483
"M:/GitHub/ShooterProject/Content/PlaceholderAssets/Animations/Jog_Bwd_Rifle.uasset" 484
"M:/GitHub/ShooterProject/Content/PlaceholderAssets/Animations/Jog_Fwd_Rifle.uasset" 485
"M:/GitHub/ShooterProject/Content/PlaceholderAssets/Animations/Jog_Lt_Rifle.uasset" 486
"M:/GitHub/ShooterProject/Content/PlaceholderAssets/Animations/Jog_Rt_Rifle.uasset" 487
"M:/GitHub/ShooterProject/Content/PlaceholderAssets/Animations/Jump_From_Jog.uasset" 488
"M:/GitHub/ShooterProject/Content/PlaceholderAssets/Animations/Jump_From_Stand.uasset" 489
"M:/GitHub/ShooterProject/Content/PlaceholderAssets/Animations/Jump_From_Stand_Ironsights.uasset" 490
"M:/GitHub/ShooterProject/Content/PlaceholderAssets/Animations/Prone_Death_1.uasset" 491
"M:/GitHub/ShooterProject/Content/PlaceholderAssets/Animations/Prone_Death_2.uasset" 492
"M:/GitHub/ShooterProject/Content/PlaceholderAssets/Animations/Prone_Fire_1.uasset" 493
"M:/GitHub/ShooterProject/Content/PlaceholderAssets/Animations/Prone_Fire_2.uasset" 494
"M:/GitHub/ShooterProject/Content/PlaceholderAssets/Animations/Prone_Idle.uasset" 495
"M:/GitHub/ShooterProject/Content/PlaceholderAssets/Animations/Prone_Reload_Rifle.uasset" 496
"M:/GitHub/ShooterProject/Content/PlaceholderAssets/Animations/Prone_Reload_Shotgun.uasset" 497
"M:/GitHub/ShooterProject/Content/PlaceholderAssets/Animations/Prone_To_Stand.uasset" 498
"M:/GitHub/ShooterProject/Content/PlaceholderAssets/Animations/Reload_Pistol.uasset" 499
"M:/GitHub/ShooterProject/Content/PlaceholderAssets/Animations/Reload_Rifle_Hip.uasset" 500
"M:/GitHub/ShooterProject/Content/PlaceholderAssets/Animations/Reload_Rifle_Ironsights.uasset" 501
"M:/GitHub/ShooterProject/Content/PlaceholderAssets/Animations/Reload_Shotgun_Hip.uasset" 502
"M:/GitHub/ShooterProject/Content/PlaceholderAssets/Animations/Reload_Shotgun_Ironsights.uasset" 503
"M:/GitHub/ShooterProject/Content/PlaceholderAssets/Animations/Sprint_Fwd_Rifle.uasset" 504
"M:/GitHub/ShooterProject/Content/PlaceholderAssets/Animations/Stand_to_Crouch_Rifle_Hip.uasset" 505
"M:/GitHub/ShooterProject/Content/PlaceholderAssets/Animations/Stand_to_Crouch_Rifle_Ironsights.uasset" 506
"M:/GitHub/ShooterProject/Content/PlaceholderAssets/Animations/Stand_To_Prone.uasset" 507
"M:/GitHub/ShooterProject/Content/PlaceholderAssets/Animations/Throw_Anim.uasset" 508
"M:/GitHub/ShooterProject/Content/PlaceholderAssets/Animations/Walk_Bwd_Rifle_Ironsights.uasset" 509
"M:/GitHub/ShooterProject/Content/PlaceholderAssets/Animations/Walk_Fwd_Rifle_Ironsights.uasset" 510
"M:/GitHub/ShooterProject/Content/PlaceholderAssets/Animations/Walk_Lt_Rifle_Ironsights.uasset" 511
"M:/GitHub/ShooterProject/Content/PlaceholderAssets/Animations/Walk_Rt_Rifle_Ironsights.uasset" 512
"M:/GitHub/ShooterProject/Content/PlaceholderAssets/Animations/Blendspaces/A_Jump_Down.uasset" 513
"M:/GitHub/ShooterProject/Content/PlaceholderAssets/Animations/Blendspaces/A_Jump_Loop.uasset" 514
"M:/GitHub/ShooterProject/Content/PlaceholderAssets/Animations/Blendspaces/A_Jump_Up.uasset" 515
"M:/GitHub/ShooterProject/Content/PlaceholderAssets/Animations/Blendspaces/A_Run_Backward.uasset" 516
"M:/GitHub/ShooterProject/Content/PlaceholderAssets/Animations/Blendspaces/A_Run_Backward_Unarmed.uasset" 517
"M:/GitHub/ShooterProject/Content/PlaceholderAssets/Animations/Blendspaces/A_Run_Forward.uasset" 518
"M:/GitHub/ShooterProject/Content/PlaceholderAssets/Animations/Blendspaces/A_Run_Forward_Unarmed.uasset" 519
"M:/GitHub/ShooterProject/Content/PlaceholderAssets/Animations/Blendspaces/A_Run_Left.uasset" 520
"M:/GitHub/ShooterProject/Content/PlaceholderAssets/Animations/Blendspaces/A_Run_Left_Unarmed.uasset" 521
"M:/GitHub/ShooterProject/Content/PlaceholderAssets/Animations/Blendspaces/A_Run_Right.uasset" 522
"M:/GitHub/ShooterProject/Content/PlaceholderAssets/Animations/Blendspaces/A_Run_Right_Unarmed.uasset" 523
"M:/GitHub/ShooterProject/Content/PlaceholderAssets/Animations/Offsets/A_Idle_Look_Center.uasset" 524
"M:/GitHub/ShooterProject/Content/PlaceholderAssets/Animations/Offsets/A_Idle_Look_Down.uasset" 525
"M:/GitHub/ShooterProject/Content/PlaceholderAssets/Animations/Offsets/A_Idle_Look_Up.uasset" 526
"M:/GitHub/ShooterProject/Content/PlaceholderAssets/Animations/Offsets/A_Idle_Rifle_Hip.uasset" 527
"M:/GitHub/ShooterProject/Content/PlaceholderAssets/Animations/Offsets/A_Idle_Rifle_Ironsights.uasset" 528
"M:/GitHub/ShooterProject/Content/PlaceholderAssets/Animations/Offsets/A_Offset_Center.uasset" 529
"M:/GitHub/ShooterProject/Content/PlaceholderAssets/Animations/Offsets/A_Offset_Down.uasset" 530
"M:/GitHub/ShooterProject/Content/PlaceholderAssets/Animations/Offsets/A_Offset_Down45.uasset" 531
"M:/GitHub/ShooterProject/Content/PlaceholderAssets/Animations/Offsets/A_Offset_Hip_Center.uasset" 532
"M:/GitHub/ShooterProject/Content/PlaceholderAssets/Animations/Offsets/A_Offset_Hip_Down.uasset" 533
"M:/GitHub/ShooterProject/Content/PlaceholderAssets/Animations/Offsets/A_Offset_Hip_Up.uasset" 534
"M:/GitHub/ShooterProject/Content/PlaceholderAssets/Animations/Offsets/A_Offset_Up.uasset" 535
"M:/GitHub/ShooterProject/Content/PlaceholderAssets/Animations/Offsets/A_Offset_Up45.uasset" 536
"M:/GitHub/ShooterProject/Content/PlaceholderAssets/Animations/UE4_Mannequin/Materials/M_UE4Man_Body.uasset" 537
"M:/GitHub/ShooterProject/Content/PlaceholderAssets/Animations/UE4_Mannequin/Materials/M_UE4Man_ChestLogo.uasset" 538
"M:/GitHub/ShooterProject/Content/PlaceholderAssets/Animations/UE4_Mannequin/Materials/MaterialLayers/ML_GlossyBlack_Latex_UE4.uasset" 539
"M:/GitHub/ShooterProject/Content/PlaceholderAssets/Animations/UE4_Mannequin/Materials/MaterialLayers/ML_Plastic_Shiny_Beige.uasset" 540
"M:/GitHub/ShooterProject/Content/PlaceholderAssets/Animations/UE4_Mannequin/Materials/MaterialLayers/ML_Plastic_Shiny_Beige_LOGO.uasset" 541
"M:/GitHub/ShooterProject/Content/PlaceholderAssets/Animations/UE4_Mannequin/Materials/MaterialLayers/ML_SoftMetal_UE4.uasset" 542
"M:/GitHub/ShooterProject/Content/PlaceholderAssets/Animations/UE4_Mannequin/Materials/MaterialLayers/T_ML_Aluminum01.uasset" 543
"M:/GitHub/ShooterProject/Content/PlaceholderAssets/Animations/UE4_Mannequin/Materials/MaterialLayers/T_ML_Aluminum01_N.uasset" 544
"M:/GitHub/ShooterProject/Content/PlaceholderAssets/Animations/UE4_Mannequin/Materials/MaterialLayers/T_ML_Rubber_Blue_01_D.uasset" 545
"M:/GitHub/ShooterProject/Content/PlaceholderAssets/Animations/UE4_Mannequin/Materials/MaterialLayers/T_ML_Rubber_Blue_01_N.uasset" 546
"M:/GitHub/ShooterProject/Content/PlaceholderAssets/Animations/UE4_Mannequin/Mesh/AnimStarterPackSkeleton_Skeleton.uasset" 547
"M:/GitHub/ShooterProject/Content/PlaceholderAssets/Animations/UE4_Mannequin/Mesh/SK_Mannequin.uasset" 548
"M:/GitHub/ShooterProject/Content/PlaceholderAssets/Animations/UE4_Mannequin/Textures/UE4Man_Logo_N.uasset" 549
"M:/GitHub/ShooterProject/Content/PlaceholderAssets/Animations/UE4_Mannequin/Textures/UE4_LOGO_CARD.uasset" 550
"M:/GitHub/ShooterProject/Content/PlaceholderAssets/Animations/UE4_Mannequin/Textures/UE4_Mannequin_MAT_MASKA.uasset" 551
"M:/GitHub/ShooterProject/Content/PlaceholderAssets/Animations/UE4_Mannequin/Textures/UE4_Mannequin_occlusion_Mobile.uasset" 552
"M:/GitHub/ShooterProject/Content/PlaceholderAssets/Animations/UE4_Mannequin/Textures/UE4_Mannequin__normals.uasset" 553
"M:/GitHub/ShooterProject/Content/PlaceholderAssets/Character/Animations/Idle_Rifale_DownSight_02.uasset" 554
"M:/GitHub/ShooterProject/Content/PlaceholderAssets/Character/Animations/Idle_Rifale_HipFix.uasset" 555
"M:/GitHub/ShooterProject/Content/PlaceholderAssets/Meshes/M_Bright.uasset" 556
"M:/GitHub/ShooterProject/Content/PlaceholderAssets/Meshes/SM_Logo.uasset" 557
"M:/GitHub/ShooterProject/Content/PlaceholderAssets/Meshes/Parachute/M_Parachute.uasset" 558
"M:/GitHub/ShooterProject/Content/PlaceholderAssets/Meshes/Parachute/SM_Parachute.uasset" 559
"M:/GitHub/ShooterProject/Content/PlaceholderAssets/Animations/Hit_React_3_Montage.uasset" 560
"M:/GitHub/ShooterProject/Content/PlaceholderAssets/Animations/Hit_React_4.uasset" 561
"M:/GitHub/ShooterProject/Content/PlaceholderAssets/Animations/MontageExample_Punch_1.uasset" 562
"M:/GitHub/ShooterProject/Content/PlaceholderAssets/Animations/MontageExample_Punch_1_Montage.uasset" 563
"M:/GitHub/ShooterProject/Content/Animation/Montages/MontageExample_Punch_2.uasset" 564
"M:/GitHub/ShooterProject/Content/PlaceholderAssets/Animations/MontageExample_Punch_2.uasset" 565
"M:/GitHub/ShooterProject/Content/PlaceholderAssets/Animations/MontageExample_Punch_2_Montage.uasset" 566
"M:/GitHub/ShooterProject/Content/PlaceholderAssets/Animations/Throw_Anim_Montage.uasset" 567
"M:/GitHub/ShooterProject/Content/PlaceholderAssets/Animations/Blendspaces/A_Idle_Unarmed.uasset" 568
"M:/GitHub/ShooterProject/Content/PlaceholderAssets/Audio/AssaultRifle_Shot05.uasset" 569
"M:/GitHub/ShooterProject/Content/PlaceholderAssets/Audio/AssaultRifle_Shot05_Cue.uasset" 570
"M:/GitHub/ShooterProject/Content/PlaceholderAssets/Character/Animations/Idle_Unarmed.uasset" 571
"M:/GitHub/ShooterProject/Content/Meshes/Character/Materials/Clothing/MI_Boots.uasset" 572
"M:/GitHub/ShooterProject/Content/PlaceholderAssets/Character/Materials/Clothing/MI_Boots.uasset" 573
"M:/GitHub/ShooterProject/Content/Meshes/Character/Materials/Clothing/T_Gloves_SRM.uasset" 574
"M:/GitHub/ShooterProject/Content/Meshes/Character/Materials/Clothing/T_Gloves_N.uasset" 575
"M:/GitHub/ShooterProject/Content/Meshes/Character/Materials/Clothing/T_Gloves_D.uasset" 576
"M:/GitHub/ShooterProject/Content/Meshes/Character/Materials/Clothing/MI_Gloves.uasset" 577
"M:/GitHub/ShooterProject/Content/PlaceholderAssets/Character/Materials/Clothing/MI_Gloves.uasset" 578
"M:/GitHub/ShooterProject/Content/PlaceholderAssets/Character/Materials/Clothing/MI_Helmet.uasset" 579
"M:/GitHub/ShooterProject/Content/Meshes/Character/Materials/Clothing/T_Pants_SRM.uasset" 580
"M:/GitHub/ShooterProject/Content/Meshes/Character/Materials/Clothing/T_Pants_N.uasset" 581
"M:/GitHub/ShooterProject/Content/Meshes/Character/Materials/Clothing/T_Pants_D.uasset" 582
"M:/GitHub/ShooterProject/Content/Meshes/Character/Materials/Clothing/MI_Pants.uasset" 583
"M:/GitHub/ShooterProject/Content/PlaceholderAssets/Character/Materials/Clothing/MI_Pants.uasset" 584
"M:/GitHub/ShooterProject/Content/PlaceholderAssets/Character/Materials/Clothing/MI_Shirt.uasset" 585
"M:/GitHub/ShooterProject/Content/Meshes/Character/Materials/Clothing/T_Vest_SRM.uasset" 586
"M:/GitHub/ShooterProject/Content/Meshes/Character/Materials/Clothing/T_Vest_N.uasset" 587
"M:/GitHub/ShooterProject/Content/Meshes/Character/Materials/Clothing/T_Vest_D.uasset" 588
"M:/GitHub/ShooterProject/Content/Meshes/Character/Materials/Clothing/MI_Vest.uasset" 589
"M:/GitHub/ShooterProject/Content/PlaceholderAssets/Character/Materials/Clothing/MI_Vest.uasset" 590
"M:/GitHub/ShooterProject/Content/PlaceholderAssets/Character/Materials/Clothing/M_ClothingMaster.uasset" 591
"M:/GitHub/ShooterProject/Content/PlaceholderAssets/Character/Materials/Clothing/T_Boots_D.uasset" 592
"M:/GitHub/ShooterProject/Content/PlaceholderAssets/Character/Materials/Clothing/T_Boots_N.uasset" 593
"M:/GitHub/ShooterProject/Content/PlaceholderAssets/Character/Materials/Clothing/T_Boots_SRM.uasset" 594
"M:/GitHub/ShooterProject/Content/PlaceholderAssets/Character/Materials/Clothing/T_Gloves_D.uasset" 595
"M:/GitHub/ShooterProject/Content/PlaceholderAssets/Character/Materials/Clothing/T_Gloves_N.uasset" 596
"M:/GitHub/ShooterProject/Content/PlaceholderAssets/Character/Materials/Clothing/T_Gloves_SRM.uasset" 597
"M:/GitHub/ShooterProject/Content/PlaceholderAssets/Character/Materials/Clothing/T_Helmet_D.uasset" 598
"M:/GitHub/ShooterProject/Content/PlaceholderAssets/Character/Materials/Clothing/T_Helmet_N.uasset" 599
"M:/GitHub/ShooterProject/Content/PlaceholderAssets/Character/Materials/Clothing/T_Helmet_SRM.uasset" 600
"M:/GitHub/ShooterProject/Content/PlaceholderAssets/Character/Materials/Clothing/T_Pants_D.uasset" 601
"M:/GitHub/ShooterProject/Content/PlaceholderAssets/Character/Materials/Clothing/T_Pants_N.uasset" 602
"M:/GitHub/ShooterProject/Content/PlaceholderAssets/Character/Materials/Clothing/T_Pants_SRM.uasset" 603
"M:/GitHub/ShooterProject/Content/PlaceholderAssets/Character/Materials/Clothing/T_Shirt_D.uasset" 604
"M:/GitHub/ShooterProject/Content/PlaceholderAssets/Character/Materials/Clothing/T_Shirt_N.uasset" 605
"M:/GitHub/ShooterProject/Content/PlaceholderAssets/Character/Materials/Clothing/T_Shirt_SRM.uasset" 606
"M:/GitHub/ShooterProject/Content/PlaceholderAssets/Character/Materials/Clothing/T_Vest_D.uasset" 607
"M:/GitHub/ShooterProject/Content/PlaceholderAssets/Character/Materials/Clothing/T_Vest_N.uasset" 608
"M:/GitHub/ShooterProject/Content/PlaceholderAssets/Character/Materials/Clothing/T_Vest_SRM.uasset" 609
"../../../Engine/Content/Functions/Engine_MaterialFunctions02/Utility/VectorLength.uasset" 610
"../../../Engine/Content/Functions/Engine_MaterialFunctions02/Utility/MakeFloat2.uasset" 611
"../../../Engine/Content/Functions/Engine_MaterialFunctions02/Utility/BreakOutFloat2Components.uasset" 612
"../../../Engine/Content/Functions/Engine_MaterialFunctions02/TangentBasis.uasset" 613
"../../../Engine/Content/Functions/Engine_MaterialFunctions01/Texturing/ScaleUVsByCenter.uasset" 614
"M:/GitHub/ShooterProject/Content/Meshes/Character/Materials/Eyes/Global/Eyes/MaterialFunctions/ML_EyeRefraction.uasset" 615
"M:/GitHub/ShooterProject/Content/PlaceholderAssets/Character/Materials/Eyes/Global/Eyes/MaterialFunctions/ML_EyeRefraction.uasset" 616
"../../../Engine/Content/Functions/Engine_MaterialFunctions02/HueShift.uasset" 617
"../../../Engine/Content/Functions/Engine_MaterialFunctions01/Texturing/FlattenNormal.uasset" 618
"../../../Engine/Content/Functions/Engine_MaterialFunctions01/ImageAdjustment/DeriveHDRfromLDR.uasset" 619
"M:/GitHub/ShooterProject/Content/Meshes/Character/Materials/Eyes/Global/Eyes/Materials/M_EyeRefractive.uasset" 620
"M:/GitHub/ShooterProject/Content/PlaceholderAssets/Character/Materials/Eyes/Global/Eyes/Materials/M_EyeRefractive.uasset" 621
"M:/GitHub/ShooterProject/Content/Meshes/Character/Materials/Eyes/Global/Eyes/Textures/EpicQuadPanorama_CC.uasset" 622
"M:/GitHub/ShooterProject/Content/PlaceholderAssets/Character/Materials/Eyes/Global/Eyes/Textures/EpicQuadPanorama_CC.uasset" 623
"M:/GitHub/ShooterProject/Content/Meshes/Character/Materials/Eyes/Global/Eyes/Textures/EyeInner_Profile.uasset" 624
"M:/GitHub/ShooterProject/Content/PlaceholderAssets/Character/Materials/Eyes/Global/Eyes/Textures/EyeInner_Profile.uasset" 625
"M:/GitHub/ShooterProject/Content/Meshes/Character/Materials/Eyes/Global/Eyes/Textures/T_DecalMask_Radial03.uasset" 626
"M:/GitHub/ShooterProject/Content/PlaceholderAssets/Character/Materials/Eyes/Global/Eyes/Textures/T_DecalMask_Radial03.uasset" 627
"M:/GitHub/ShooterProject/Content/Meshes/Character/Materials/Eyes/Global/Eyes/Textures/T_EyeIrisBaseColor_Example_2.uasset" 628
"M:/GitHub/ShooterProject/Content/PlaceholderAssets/Character/Materials/Eyes/Global/Eyes/Textures/T_EyeIrisBaseColor_Example_2.uasset" 629
"M:/GitHub/ShooterProject/Content/Meshes/Character/Materials/Eyes/Global/Eyes/Textures/T_EyeIrisBaseColor_Example_3.uasset" 630
"M:/GitHub/ShooterProject/Content/PlaceholderAssets/Character/Materials/Eyes/Global/Eyes/Textures/T_EyeIrisBaseColor_Example_3.uasset" 631
"M:/GitHub/ShooterProject/Content/Meshes/Character/Materials/Eyes/Global/Eyes/Textures/T_EyeMidPlaneDisplacement_Example.uasset" 632
"M:/GitHub/ShooterProject/Content/PlaceholderAssets/Character/Materials/Eyes/Global/Eyes/Textures/T_EyeMidPlaneDisplacement_Example.uasset" 633
"M:/GitHub/ShooterProject/Content/Meshes/Character/Materials/Eyes/Global/Eyes/Textures/T_EyeScleraBaseColor_Example_2.uasset" 634
"M:/GitHub/ShooterProject/Content/PlaceholderAssets/Character/Materials/Eyes/Global/Eyes/Textures/T_EyeScleraBaseColor_Example_2.uasset" 635
"M:/GitHub/ShooterProject/Content/Meshes/Character/Materials/Eyes/Global/Eyes/Textures/T_EyeScleraBaseColor_Example_4.uasset" 636
"M:/GitHub/ShooterProject/Content/PlaceholderAssets/Character/Materials/Eyes/Global/Eyes/Textures/T_EyeScleraBaseColor_Example_4.uasset" 637
"M:/GitHub/ShooterProject/Content/Meshes/Character/Materials/Eyes/Global/Eyes/Textures/T_EYE_NORMALS.uasset" 638
"M:/GitHub/ShooterProject/Content/PlaceholderAssets/Character/Materials/Eyes/Global/Eyes/Textures/T_EYE_NORMALS.uasset" 639
"M:/GitHub/ShooterProject/Content/Meshes/Character/Materials/Eyes/Global/Eyes/Textures/T_Eye_Wet_Normal.uasset" 640
"M:/GitHub/ShooterProject/Content/PlaceholderAssets/Character/Materials/Eyes/Global/Eyes/Textures/T_Eye_Wet_Normal.uasset" 641
"M:/GitHub/ShooterProject/Content/Meshes/Character/Materials/Eyes/Global/Eyes/Textures/T_Sphere_EYE_NORMALS.uasset" 642
"M:/GitHub/ShooterProject/Content/PlaceholderAssets/Character/Materials/Eyes/Global/Eyes/Textures/T_Sphere_EYE_NORMALS.uasset" 643
"M:/GitHub/ShooterProject/Content/Meshes/Character/Materials/Eyes/Global/Eyes/Textures/T_Swirly_Noise.uasset" 644
"M:/GitHub/ShooterProject/Content/PlaceholderAssets/Character/Materials/Eyes/Global/Eyes/Textures/T_Swirly_Noise.uasset" 645
"M:/GitHub/ShooterProject/Content/Meshes/Character/Materials/Eyes/Global/FX/Textures/Flares/T_Kwang_Corona_D.uasset" 646
"M:/GitHub/ShooterProject/Content/PlaceholderAssets/Character/Materials/Eyes/Global/FX/Textures/Flares/T_Kwang_Corona_D.uasset" 647
"M:/GitHub/ShooterProject/Content/Meshes/Character/Materials/Eyes/Global/MaterialFunctions/MF_BrightnessAdjust.uasset" 648
"M:/GitHub/ShooterProject/Content/PlaceholderAssets/Character/Materials/Eyes/Global/MaterialFunctions/MF_BrightnessAdjust.uasset" 649
"M:/GitHub/ShooterProject/Content/Meshes/Character/Materials/Eyes/Global/MaterialFunctions/MF_CharacterEffects.uasset" 650
"M:/GitHub/ShooterProject/Content/PlaceholderAssets/Character/Materials/Eyes/Global/MaterialFunctions/MF_CharacterEffects.uasset" 651
"../../../Engine/Content/Functions/Engine_MaterialFunctions02/Texturing/ScreenAlignedPixelToPixelUVs.uasset" 652
"../../../Engine/Content/EngineMaterials/Good64x64TilingNoiseHighFreq.uasset" 653
"../../../Engine/Content/Functions/Engine_MaterialFunctions02/Utility/DitherTemporalAA.uasset" 654
"../../../Engine/Content/Functions/Engine_MaterialFunctions01/Gradient/LinearGradient.uasset" 655
"../../../Engine/Content/Functions/Engine_MaterialFunctions01/ImageAdjustment/CheapContrast.uasset" 656
"../../../Engine/Content/EngineMaterials/DefaultDiffuse.uasset" 657
"../../../Engine/Content/Functions/Engine_MaterialFunctions01/Texturing/WorldAlignedTexture.uasset" 658
"M:/GitHub/ShooterProject/Content/Meshes/Character/Materials/Eyes/Global/MaterialFunctions/MF_DeathFade.uasset" 659
"M:/GitHub/ShooterProject/Content/PlaceholderAssets/Character/Materials/Eyes/Global/MaterialFunctions/MF_DeathFade.uasset" 660
"../../../Engine/Content/Functions/MaterialLayerFunctions/MatLayerBlend_Emissive.uasset" 661
"../../../Engine/Content/Functions/MaterialLayerFunctions/MatLayerBlend_Tint.uasset" 662
"M:/GitHub/ShooterProject/Content/Meshes/Character/Materials/Eyes/Global/MaterialFunctions/MF_HitFlash.uasset" 663
"M:/GitHub/ShooterProject/Content/PlaceholderAssets/Character/Materials/Eyes/Global/MaterialFunctions/MF_HitFlash.uasset" 664
"../../../Engine/Content/Functions/MaterialLayerFunctions/MatLayerBlend_BreakBaseColor.uasset" 665
"../../../Engine/Content/Functions/Engine_MaterialFunctions02/Utility/BreakOutFloat3Components.uasset" 666
"M:/GitHub/ShooterProject/Content/Meshes/Character/Materials/Eyes/Global/MaterialFunctions/MF_OrionRimlight.uasset" 667
"M:/GitHub/ShooterProject/Content/PlaceholderAssets/Character/Materials/Eyes/Global/MaterialFunctions/MF_OrionRimlight.uasset" 668
"../../../Engine/Content/Functions/Engine_MaterialFunctions03/Blends/Lerp_ScratchGrime.uasset" 669
"M:/GitHub/ShooterProject/Content/Meshes/Character/Materials/Eyes/Global/MaterialFunctions/MaterialLayerConstructors/MLC_ScratchAndGrime.uasset" 670
"M:/GitHub/ShooterProject/Content/PlaceholderAssets/Character/Materials/Eyes/Global/MaterialFunctions/MaterialLayerConstructors/MLC_ScratchAndGrime.uasset" 671
"../../../Engine/Content/EngineMaterials/DefaultNormal.uasset" 672
"M:/GitHub/ShooterProject/Content/Meshes/Character/Materials/Eyes/Global/MaterialFunctions/MaterialLayerConstructors/MLC_Standard.uasset" 673
"M:/GitHub/ShooterProject/Content/PlaceholderAssets/Character/Materials/Eyes/Global/MaterialFunctions/MaterialLayerConstructors/MLC_Standard.uasset" 674
"M:/GitHub/ShooterProject/Content/Meshes/Character/Materials/Eyes/Global/MaterialFunctions/Textures/T_AtmosphericCloudNoise01.uasset" 675
"M:/GitHub/ShooterProject/Content/PlaceholderAssets/Character/Materials/Eyes/Global/MaterialFunctions/Textures/T_AtmosphericCloudNoise01.uasset" 676
"M:/GitHub/ShooterProject/Content/Meshes/Character/Materials/Eyes/Global/MaterialFunctions/Textures/T_AtmosphericCloudNoise01_N.uasset" 677
"M:/GitHub/ShooterProject/Content/PlaceholderAssets/Character/Materials/Eyes/Global/MaterialFunctions/Textures/T_AtmosphericCloudNoise01_N.uasset" 678
"M:/GitHub/ShooterProject/Content/Meshes/Character/Materials/Eyes/Global/MaterialFunctions/Textures/T_AtmosphericCloudNoise03.uasset" 679
"M:/GitHub/ShooterProject/Content/PlaceholderAssets/Character/Materials/Eyes/Global/MaterialFunctions/Textures/T_AtmosphericCloudNoise03.uasset" 680
"../../../Engine/Content/EngineMaterials/BaseFlattenNormalMap.uasset" 681
"../../../Engine/Content/Functions/MaterialLayerFunctions/MatLayerBlend_Standard.uasset" 682
"M:/GitHub/ShooterProject/Content/Meshes/Character/Materials/Eyes/Global/MaterialLayers/ML_TacticiaULTEye.uasset" 683
"M:/GitHub/ShooterProject/Content/PlaceholderAssets/Character/Materials/Eyes/Global/MaterialLayers/ML_TacticiaULTEye.uasset" 684
"M:/GitHub/ShooterProject/Content/Meshes/Character/Materials/Eyes/Global/MaterialLayers/ML__Blank.uasset" 685
"M:/GitHub/ShooterProject/Content/PlaceholderAssets/Character/Materials/Eyes/Global/MaterialLayers/ML__Blank.uasset" 686
"M:/GitHub/ShooterProject/Content/Meshes/Character/Materials/Eyes/Global/MaterialLayers/T_TestML_Mask.uasset" 687
"M:/GitHub/ShooterProject/Content/PlaceholderAssets/Character/Materials/Eyes/Global/MaterialLayers/T_TestML_Mask.uasset" 688
"../../../Engine/Content/Functions/MaterialLayerFunctions/MatLayerBlend_OverrideBaseColor.uasset" 689
"../../../Engine/Content/Functions/Engine_MaterialFunctions01/Shading/MetallicShading.uasset" 690
"M:/GitHub/ShooterProject/Content/Meshes/Character/Materials/Eyes/Global/MaterialLayers/Metal/ML_blue_Metal.uasset" 691
"M:/GitHub/ShooterProject/Content/PlaceholderAssets/Character/Materials/Eyes/Global/MaterialLayers/Metal/ML_blue_Metal.uasset" 692
"M:/GitHub/ShooterProject/Content/Meshes/Character/Materials/Eyes/Global/MaterialLayers/Metal/T_Blue_Metal02.uasset" 693
"M:/GitHub/ShooterProject/Content/PlaceholderAssets/Character/Materials/Eyes/Global/MaterialLayers/Metal/T_Blue_Metal02.uasset" 694
"M:/GitHub/ShooterProject/Content/Meshes/Character/Materials/Eyes/Global/MaterialLayers/Rubber/T_Blank_N.uasset" 695
"M:/GitHub/ShooterProject/Content/PlaceholderAssets/Character/Materials/Eyes/Global/MaterialLayers/Rubber/T_Blank_N.uasset" 696
"M:/GitHub/ShooterProject/Content/Meshes/Character/Materials/Eyes/Global/ParameterCollections/OrionGlobalGameplayCollection.uasset" 697
"M:/GitHub/ShooterProject/Content/PlaceholderAssets/Character/Materials/Eyes/Global/ParameterCollections/OrionGlobalGameplayCollection.uasset" 698
"M:/GitHub/ShooterProject/Content/Meshes/Character/Materials/Eyes/Heroes/Kwang/Materials/MI_Kwang_EyeRefractive.uasset" 699
"M:/GitHub/ShooterProject/Content/PlaceholderAssets/Character/Materials/Eyes/Heroes/Kwang/Materials/MI_Kwang_EyeRefractive.uasset" 700
"M:/GitHub/ShooterProject/Content/PlaceholderAssets/Character/Materials/Naked/BaseBody_Diffuse.uasset" 701
"M:/GitHub/ShooterProject/Content/PlaceholderAssets/Character/Materials/Naked/BaseBody_NORMAL.uasset" 702
"M:/GitHub/ShooterProject/Content/PlaceholderAssets/Character/Materials/Naked/BaseBody_Spec_Rough_Scater_AO.uasset" 703
"M:/GitHub/ShooterProject/Content/PlaceholderAssets/Character/Materials/Naked/BaseHead_Diffuse.uasset" 704
"M:/GitHub/ShooterProject/Content/PlaceholderAssets/Character/Materials/Naked/BaseHead_NORM.uasset" 705
"M:/GitHub/ShooterProject/Content/PlaceholderAssets/Character/Materials/Naked/BaseHead_Spec_Rough_Scater_AO.uasset" 706
"M:/GitHub/ShooterProject/Content/Meshes/Character/Materials/Naked/HumanSkinProfile.uasset" 707
"M:/GitHub/ShooterProject/Content/PlaceholderAssets/Character/Materials/Naked/HumanSkinProfile.uasset" 708
"M:/GitHub/ShooterProject/Content/PlaceholderAssets/Character/Materials/Naked/M_Body.uasset" 709
"M:/GitHub/ShooterProject/Content/PlaceholderAssets/Character/Materials/Naked/M_Head.uasset" 710
"M:/GitHub/ShooterProject/Content/PlaceholderAssets/Character/Materials/Naked/M_Underwear.uasset" 711
"M:/GitHub/ShooterProject/Content/PlaceholderAssets/Character/Materials/Naked/Underware_AORoughMetal.uasset" 712
"M:/GitHub/ShooterProject/Content/PlaceholderAssets/Character/Materials/Naked/Underware_Diffuse.uasset" 713
"M:/GitHub/ShooterProject/Content/PlaceholderAssets/Character/Materials/Naked/Underware_NORM.uasset" 714
"M:/GitHub/ShooterProject/Content/PlaceholderAssets/Character/Meshes/SK_BaseBody_Feet.uasset" 715
"M:/GitHub/ShooterProject/Content/PlaceholderAssets/Character/Meshes/SK_BaseBody_Hands.uasset" 716
"M:/GitHub/ShooterProject/Content/PlaceholderAssets/Character/Meshes/SK_BaseBody_Head.uasset" 717
"M:/GitHub/ShooterProject/Content/PlaceholderAssets/Character/Meshes/SK_BaseBody_Legs.uasset" 718
"M:/GitHub/ShooterProject/Content/PlaceholderAssets/Character/Meshes/SK_BaseBody_Torso.uasset" 719
"M:/GitHub/ShooterProject/Content/Meshes/Character/Meshes/SK_Boots.uasset" 720
"M:/GitHub/ShooterProject/Content/PlaceholderAssets/Character/Meshes/SK_Boots.uasset" 721
"M:/GitHub/ShooterProject/Content/Meshes/Character/Meshes/SK_Gloves.uasset" 722
"M:/GitHub/ShooterProject/Content/PlaceholderAssets/Character/Meshes/SK_Gloves.uasset" 723
"M:/GitHub/ShooterProject/Content/Meshes/Character/Meshes/SK_Helmet.uasset" 724
"M:/GitHub/ShooterProject/Content/PlaceholderAssets/Character/Meshes/SK_Helmet.uasset" 725
"M:/GitHub/ShooterProject/Content/Meshes/Character/Meshes/SK_Pants.uasset" 726
"M:/GitHub/ShooterProject/Content/PlaceholderAssets/Character/Meshes/SK_Pants.uasset" 727
"M:/GitHub/ShooterProject/Content/PlaceholderAssets/Character/Meshes/SK_Shirt.uasset" 728
"M:/GitHub/ShooterProject/Content/Meshes/Character/Meshes/SK_Vest.uasset" 729
"M:/GitHub/ShooterProject/Content/PlaceholderAssets/Character/Meshes/SK_Vest.uasset" 730
"M:/GitHub/ShooterProject/Content/PlaceholderAssets/Meshes/Materials/M_AmmoBox.uasset" 731
"M:/GitHub/ShooterProject/Content/Meshes/Pickups/SM_AmmoBox_5_56mm.uasset" 732
"M:/GitHub/ShooterProject/Content/PlaceholderAssets/Meshes/Pickups/SM_AmmoBox_5_56mm.uasset" 733
"M:/GitHub/ShooterProject/Content/PlaceholderAssets/Meshes/Pickups/SM_AmmoBox_7_62mm.uasset" 734
"M:/GitHub/ShooterProject/Content/Meshes/Pickups/SM_AmmoBox_9mm.uasset" 735
"M:/GitHub/ShooterProject/Content/PlaceholderAssets/Meshes/Pickups/SM_AmmoBox_9mm.uasset" 736
"M:/GitHub/ShooterProject/Content/PlaceholderAssets/Meshes/Pickups/SM_Helmet.uasset" 737
"M:/GitHub/ShooterProject/Content/Meshes/Pickups/SM_Pickup_Boots.uasset" 738
"M:/GitHub/ShooterProject/Content/PlaceholderAssets/Meshes/Pickups/SM_Pickup_Boots.uasset" 739
"M:/GitHub/ShooterProject/Content/Meshes/Pickups/SM_Pickup_Gloves.uasset" 740
"M:/GitHub/ShooterProject/Content/PlaceholderAssets/Meshes/Pickups/SM_Pickup_Gloves.uasset" 741
"M:/GitHub/ShooterProject/Content/Meshes/Pickups/SM_Pickup_Pants.uasset" 742
"M:/GitHub/ShooterProject/Content/PlaceholderAssets/Meshes/Pickups/SM_Pickup_Pants.uasset" 743
"M:/GitHub/ShooterProject/Content/PlaceholderAssets/Meshes/Pickups/SM_Pickup_Shirt.uasset" 744
"M:/GitHub/ShooterProject/Content/PlaceholderAssets/Meshes/Textures/T_AmmoBox_D.uasset" 745
"M:/GitHub/ShooterProject/Content/PlaceholderAssets/Meshes/Textures/T_AmmoBox_N.uasset" 746
"M:/GitHub/ShooterProject/Content/PlaceholderAssets/Meshes/Textures/T_AmmoBox_SRM.uasset" 747
"M:/GitHub/ShooterProject/Content/PlaceholderAssets/Meshes/Weapons/AK47/SM_AK47.uasset" 748
"M:/GitHub/ShooterProject/Content/PlaceholderAssets/Meshes/Weapons/AK47/Materials/M_AK47.uasset" 749
"M:/GitHub/ShooterProject/Content/PlaceholderAssets/Meshes/Weapons/AK47/Materials/T_AKBaseColor.uasset" 750
"M:/GitHub/ShooterProject/Content/PlaceholderAssets/Meshes/Weapons/AK47/Materials/T_AKNormal.uasset" 751
"M:/GitHub/ShooterProject/Content/PlaceholderAssets/Meshes/Weapons/AK47/Materials/T_AKOcclusionRoughnessMetallic.uasset" 752
"M:/GitHub/ShooterProject/Content/Meshes/Weapons/AK47/Mesh/AK47_PhysicsAsset.uasset" 753
"M:/GitHub/ShooterProject/Content/PlaceholderAssets/Meshes/Weapons/AK47/Mesh/AK47_PhysicsAsset.uasset" 754
"M:/GitHub/ShooterProject/Content/PlaceholderAssets/Meshes/Weapons/AK47/Mesh/AK47_Skeleton.uasset" 755
"M:/GitHub/ShooterProject/Content/PlaceholderAssets/Meshes/Weapons/AK47/Mesh/SK_AK47.uasset" 756
"M:/GitHub/ShooterProject/Content/PlaceholderAssets/Meshes/Weapons/AK47/Mesh/Magazine/AK47_Magazine.uasset" 757
"M:/GitHub/ShooterProject/Content/Meshes/Weapons/M14/Materials/T_M14Normal.uasset" 758
"M:/GitHub/ShooterProject/Content/Meshes/Weapons/M14/Materials/T_M14BaseColor.uasset" 759
"M:/GitHub/ShooterProject/Content/Meshes/Weapons/M14/Materials/T_M14AmbientOcclusion.uasset" 760
"M:/GitHub/ShooterProject/Content/Meshes/Weapons/M14/Materials/M_M14.uasset" 761
"M:/GitHub/ShooterProject/Content/PlaceholderAssets/Meshes/Weapons/M14/Materials/M_M14.uasset" 762
"M:/GitHub/ShooterProject/Content/PlaceholderAssets/Meshes/Weapons/M14/Materials/T_M14AmbientOcclusion.uasset" 763
"M:/GitHub/ShooterProject/Content/PlaceholderAssets/Meshes/Weapons/M14/Materials/T_M14BaseColor.uasset" 764
"M:/GitHub/ShooterProject/Content/PlaceholderAssets/Meshes/Weapons/M14/Materials/T_M14Normal.uasset" 765
"M:/GitHub/ShooterProject/Content/Meshes/Weapons/M14/Mesh/M14_PhysicsAsset.uasset" 766
"M:/GitHub/ShooterProject/Content/PlaceholderAssets/Meshes/Weapons/M14/Mesh/M14_PhysicsAsset.uasset" 767
"M:/GitHub/ShooterProject/Content/Meshes/Weapons/M14/Mesh/M14_Skeleton.uasset" 768
"M:/GitHub/ShooterProject/Content/PlaceholderAssets/Meshes/Weapons/M14/Mesh/M14_Skeleton.uasset" 769
"M:/GitHub/ShooterProject/Content/Meshes/Weapons/M14/Mesh/SK_M14.uasset" 770
"M:/GitHub/ShooterProject/Content/PlaceholderAssets/Meshes/Weapons/M14/Mesh/SK_M14.uasset" 771
"M:/GitHub/ShooterProject/Content/Meshes/Weapons/M14/Mesh/SM_M14.uasset" 772
"M:/GitHub/ShooterProject/Content/PlaceholderAssets/Meshes/Weapons/M14/Mesh/SM_M14.uasset" 773
"M:/GitHub/ShooterProject/Content/Meshes/Weapons/UMP45/Materials/UMP_low_DefaultMaterial_OcclusionRoughnessMetallic.uasset" 774
"M:/GitHub/ShooterProject/Content/Meshes/Weapons/UMP45/Materials/UMP_low_DefaultMaterial_Normal.uasset" 775
"M:/GitHub/ShooterProject/Content/Meshes/Weapons/UMP45/Materials/UMP_low_DefaultMaterial_BaseColor.uasset" 776
"M:/GitHub/ShooterProject/Content/Meshes/Weapons/UMP45/Materials/M_UMP.uasset" 777
"M:/GitHub/ShooterProject/Content/PlaceholderAssets/Meshes/Weapons/UMP45/Materials/M_UMP.uasset" 778
"M:/GitHub/ShooterProject/Content/PlaceholderAssets/Meshes/Weapons/UMP45/Materials/UMP_low_DefaultMaterial_BaseColor.uasset" 779
"M:/GitHub/ShooterProject/Content/PlaceholderAssets/Meshes/Weapons/UMP45/Materials/UMP_low_DefaultMaterial_Normal.uasset" 780
"M:/GitHub/ShooterProject/Content/PlaceholderAssets/Meshes/Weapons/UMP45/Materials/UMP_low_DefaultMaterial_OcclusionRoughnessMetallic.uasset" 781
"M:/GitHub/ShooterProject/Content/Meshes/Weapons/UMP45/Mesh/UMP45_Skeleton.uasset" 782
"M:/GitHub/ShooterProject/Content/Meshes/Weapons/UMP45/Mesh/SK_UMP45.uasset" 783
"M:/GitHub/ShooterProject/Content/PlaceholderAssets/Meshes/Weapons/UMP45/Mesh/SK_UMP45.uasset" 784
"M:/GitHub/ShooterProject/Content/Meshes/Weapons/UMP45/Mesh/SM_UMP45.uasset" 785
"M:/GitHub/ShooterProject/Content/PlaceholderAssets/Meshes/Weapons/UMP45/Mesh/SM_UMP45.uasset" 786
"M:/GitHub/ShooterProject/Content/Meshes/Weapons/UMP45/Mesh/UMP45_PhysicsAsset.uasset" 787
"M:/GitHub/ShooterProject/Content/PlaceholderAssets/Meshes/Weapons/UMP45/Mesh/UMP45_PhysicsAsset.uasset" 788
"M:/GitHub/ShooterProject/Content/PlaceholderAssets/Meshes/Weapons/UMP45/Mesh/UMP45_Skeleton.uasset" 789
"M:/GitHub/ShooterProject/Content/MISC/M_Outline.uasset" 790
"M:/GitHub/ShooterProject/Content/PlaceholderAssets/Misc/M_Outline.uasset" 791
"M:/GitHub/ShooterProject/Content/PlaceholderAssets/Particles/P_Blood.uasset" 792
"M:/GitHub/ShooterProject/Content/PlaceholderAssets/Particles/P_Gunshot.uasset" 793
"M:/GitHub/ShooterProject/Content/Particles/Materials/M_ParticleFlash.uasset" 794
"M:/GitHub/ShooterProject/Content/PlaceholderAssets/Particles/Materials/M_ParticleFlash.uasset" 795
"M:/GitHub/ShooterProject/Content/Particles/Materials/M_ParticleFlashFront.uasset" 796
"M:/GitHub/ShooterProject/Content/PlaceholderAssets/Particles/Materials/M_ParticleFlashFront.uasset" 797
"M:/GitHub/ShooterProject/Content/Particles/Materials/M_ParticleSmoke.uasset" 798
"M:/GitHub/ShooterProject/Content/PlaceholderAssets/Particles/Materials/M_ParticleSmoke.uasset" 799
"M:/GitHub/ShooterProject/Content/Particles/Materials/T_flashfront.uasset" 800
"M:/GitHub/ShooterProject/Content/PlaceholderAssets/Particles/Materials/T_flashfront.uasset" 801
"M:/GitHub/ShooterProject/Content/Particles/Materials/T_flashside.uasset" 802
"M:/GitHub/ShooterProject/Content/PlaceholderAssets/Particles/Materials/T_flashside.uasset" 803
"M:/GitHub/ShooterProject/Content/Particles/Materials/T_Smoke.uasset" 804
"M:/GitHub/ShooterProject/Content/PlaceholderAssets/Particles/Materials/T_Smoke.uasset" 805
"M:/GitHub/ShooterProject/Content/TUTORIAL_RESOURCES/Animations/Idle_Fist.uasset" 806
"M:/GitHub/ShooterProject/Content/TUTORIAL_RESOURCES/Animations/IllegalElbowPunch.uasset" 807
"M:/GitHub/ShooterProject/Content/TUTORIAL_RESOURCES/Animations/Medium_Right_Jab.uasset" 808
"M:/GitHub/ShooterProject/Content/TUTORIAL_RESOURCES/Animations/ElbowUppercut.uasset" 809
"M:/GitHub/ShooterProject/Content/TUTORIAL_RESOURCES/Animations/Slow_Right_Hook.uasset" 810
"M:/GitHub/ShooterProject/Content/TUTORIAL_RESOURCES/Animations/MeleeFistAttackMontage_2.uasset" 811
"M:/GitHub/ShooterProject/Content/TUTORIAL_RESOURCES/Animations/Slow_Right_Cross.uasset" 812
"M:/GitHub/ShooterProject/Content/TUTORIAL_RESOURCES/MixamoRig/MixamoRig.uasset" 813
"../../../Engine/Content/EngineMaterials/WorldGridMaterial.uasset" 814
"../../../Engine/Content/ArtTools/RenderToTexture/Meshes/S_1_Unit_Plane.uasset" 815
"../../../Engine/Content/BasicShapes/Cone.uasset" 816
"../../../Engine/Content/BasicShapes/Cube.uasset" 817
"../../../Engine/Content/EditorLandscapeResources/DataLayer.uasset" 818
"../../../Engine/Content/EditorLandscapeResources/DefaultAlphaTexture.uasset" 819
"../../../Engine/Content/EditorMaterials/MAT_Groups_Toggle.uasset" 820
"../../../Engine/Content/EditorMaterials/MAT_Groups_Visibility.uasset" 821
"../../../Engine/Content/EditorMaterials/PreviewShadowIndicator.uasset" 822
"../../../Engine/Content/EditorMaterials/PreviewShadowIndicatorMaterial.uasset" 823
"../../../Engine/Content/EditorMaterials/MatineeGroups/MAT_ColorTrack.uasset" 824
"../../../Engine/Content/EditorMaterials/MatineeGroups/MAT_Groups_Anim.uasset" 825
"../../../Engine/Content/EditorMaterials/MatineeGroups/MAT_Groups_AudioMaster.uasset" 826
"../../../Engine/Content/EditorMaterials/MatineeGroups/MAT_Groups_Director.uasset" 827
"../../../Engine/Content/EditorMaterials/MatineeGroups/MAT_Groups_Event.uasset" 828
"../../../Engine/Content/EditorMaterials/MatineeGroups/MAT_Groups_Fade.uasset" 829
"../../../Engine/Content/EditorMaterials/MatineeGroups/MAT_Groups_Float.uasset" 830
"../../../Engine/Content/EditorMaterials/MatineeGroups/MAT_Groups_Move.uasset" 831
"../../../Engine/Content/EditorMaterials/MatineeGroups/MAT_Groups_Slomo.uasset" 832
"../../../Engine/Content/EditorMaterials/MatineeGroups/MAT_Groups_Sound.uasset" 833
"../../../Engine/Content/EditorMaterials/MatineeGroups/MAT_Groups_Vector.uasset" 834
"../../../Engine/Content/EditorMaterials/ParticleSystems/PSysThumbnail_NoImage.uasset" 835
"../../../Engine/Content/EditorMaterials/ParticleSystems/PSysThumbnail_OOD.uasset" 836
"../../../Engine/Content/EditorMaterials/Camera/CineMat.uasset" 837
"../../../Engine/Content/EditorMaterials/Camera/MI_CineMat_Rig.uasset" 838
"../../../Engine/Content/EditorMeshes/Camera/SM_CraneRig_Arm.uasset" 839
"../../../Engine/Content/EditorMeshes/Camera/SM_CraneRig_Base.uasset" 840
"../../../Engine/Content/EditorMeshes/Camera/SM_CraneRig_Body.uasset" 841
"../../../Engine/Content/EditorMeshes/Camera/SM_CraneRig_Mount.uasset" 842
"../../../Engine/Content/EditorMeshes/Camera/SM_RailRig_Mount.uasset" 843
"../../../Engine/Content/EditorMeshes/Camera/SM_RailRig_Track.uasset" 844
"../../../Engine/Content/EditorResources/BSPVertex.uasset" 845
"../../../Engine/Content/EditorResources/EmptyActor.uasset" 846
"../../../Engine/Content/EditorResources/S_Actor.uasset" 847
"../../../Engine/Content/EditorResources/S_Note.uasset" 848
"../../../Engine/Content/EditorResources/S_Solver.uasset" 849
"../../../Engine/Content/EditorResources/S_Terrain.uasset" 850
"../../../Engine/Content/EditorResources/S_Trigger.uasset" 851
"../../../Engine/Content/EditorResources/LightIcons/S_LightError.uasset" 852
"../../../Engine/Content/EditorResources/SequenceRecorder/Countdown.uasset" 853
"../../../Engine/Content/EditorResources/SequenceRecorder/RecordingIndicator.uasset" 854
"../../../Engine/Content/EngineDamageTypes/DmgTypeBP_Environmental.uasset" 855
"../../../Engine/Content/EngineDebugMaterials/DebugEditorMaterial.uasset" 856
"../../../Engine/Content/EngineDebugMaterials/DebugMeshMaterial.uasset" 857
"../../../Engine/Content/EngineDebugMaterials/M_SimpleUnlitTranslucent.uasset" 858
"../../../Engine/Content/EngineDebugMaterials/VolumeToRender.uasset" 859
"../../../Engine/Content/Functions/Engine_MaterialFunctions02/Utility/CameraDirectionVector.uasset" 860
"../../../Engine/Content/EngineDebugMaterials/M_VolumeRenderSphereTracePP.uasset" 861
"../../../Engine/Content/Functions/Engine_MaterialFunctions01/Shading/ConvertFromDiffSpec.uasset" 862
"../../../Engine/Content/EngineDebugMaterials/VertexColorMaterial.uasset" 863
"../../../Engine/Content/EngineDebugMaterials/WireframeMaterial.uasset" 864
"../../../Engine/Content/EngineFonts/Faces/RobotoRegular.uasset" 865
"../../../Engine/Content/EngineFonts/Faces/RobotoLight.uasset" 866
"../../../Engine/Content/EngineFonts/Faces/RobotoItalic.uasset" 867
"../../../Engine/Content/EngineFonts/Faces/RobotoBoldItalic.uasset" 868
"../../../Engine/Content/EngineFonts/Faces/RobotoBold.uasset" 869
"../../../Engine/Content/EngineFonts/Faces/DroidSansFallback.uasset" 870
"../../../Engine/Content/EngineFonts/Roboto.uasset" 871
"../../../Engine/Content/EngineMaterials/BaseFlattenGrayscaleMap.uasset" 872
"../../../Engine/Content/EngineMaterials/BaseFlattenEmissiveMap.uasset" 873
"../../../Engine/Content/EngineMaterials/BaseFlattenDiffuseMap.uasset" 874
"../../../Engine/Content/EngineMaterials/BaseFlattenMaterial.uasset" 875
"../../../Engine/Content/EngineMaterials/BlueNoise.uasset" 876
"../../../Engine/Content/EngineMaterials/DefaultBloomKernel.uasset" 877
"../../../Engine/Content/EngineMaterials/DefaultBokeh.uasset" 878
"../../../Engine/Content/EngineMaterials/DefaultDeferredDecalMaterial.uasset" 879
"../../../Engine/Content/EngineMaterials/DefaultLightFunctionMaterial.uasset" 880
"../../../Engine/Content/EngineMaterials/DefaultPhysicalMaterial.uasset" 881
"../../../Engine/Content/EngineMaterials/DefaultPostProcessMaterial.uasset" 882
"../../../Engine/Content/EngineFonts/RobotoDistanceField.uasset" 883
"../../../Engine/Content/EngineMaterials/DefaultTextMaterialOpaque.uasset" 884
"../../../Engine/Content/EngineMaterials/DefaultWhiteGrid.uasset" 885
"../../../Engine/Content/EngineMaterials/DefaultWhiteGrid_Low.uasset" 886
"../../../Engine/Content/EngineMaterials/EmissiveMeshMaterial.uasset" 887
"../../../Engine/Content/EngineMaterials/GizmoMaterial.uasset" 888
"../../../Engine/Content/EngineMaterials/MiniFont.uasset" 889
"../../../Engine/Content/EngineMaterials/InvalidLightmapSettings.uasset" 890
"../../../Engine/Content/EngineMaterials/M_InvalidLightmapSettings.uasset" 891
"../../../Engine/Content/Functions/Engine_MaterialFunctions02/WorldPositionOffset/CameraOffset.uasset" 892
"../../../Engine/Content/EngineMaterials/PhAT_JointLimitMaterial.uasset" 893
"../../../Engine/Content/EngineMaterials/PreintegratedSkinBRDF.uasset" 894
"../../../Engine/Content/EngineMaterials/RemoveSurfaceMaterial.uasset" 895
"../../../Engine/Content/EngineMaterials/WeightMapPlaceholderTexture.uasset" 896
"../../../Engine/Content/EngineResources/WhiteSquareTexture.uasset" 897
"../../../Engine/Content/EngineMaterials/Widget3DPassThrough.uasset" 898
"../../../Engine/Content/EngineMaterials/Widget3DPassThrough_Masked.uasset" 899
"../../../Engine/Content/EngineMaterials/Widget3DPassThrough_Opaque.uasset" 900
"../../../Engine/Content/EngineMaterials/Widget3DPassThrough_Masked_OneSided.uasset" 901
"../../../Engine/Content/EngineMaterials/Widget3DPassThrough_Opaque_OneSided.uasset" 902
"../../../Engine/Content/EngineMaterials/Widget3DPassThrough_Translucent.uasset" 903
"../../../Engine/Content/EngineMaterials/Widget3DPassThrough_Translucent_OneSided.uasset" 904
"../../../Engine/Content/EngineMeshes/Cylinder.uasset" 905
"../../../Engine/Content/EngineMeshes/Sphere.uasset" 906
"../../../Engine/Content/EngineResources/Black.uasset" 907
"../../../Engine/Content/EngineResources/DefaultTextureCube.uasset" 908
"../../../Engine/Content/EngineResources/DefaultVolumeTexture2D.uasset" 909
"../../../Engine/Content/EngineResources/DefaultVolumeTexture.uasset" 910
"../../../Engine/Content/EngineResources/GradientTexture0.uasset" 911
"../../../Engine/Content/EngineSky/VolumetricClouds/T_NoiseShape64.uasset" 912
"../../../Engine/Content/EngineSky/VolumetricClouds/T_VolumeNoiseShape64.uasset" 913
"../../../Engine/Content/EngineSky/VolumetricClouds/T_NoiseErosion.uasset" 914
"../../../Engine/Content/EngineSky/VolumetricClouds/T_VolumeNoiseErosion32.uasset" 915
"../../../Engine/Content/EngineSky/VolumetricClouds/CloudWeatherTexture.uasset" 916
"../../../Engine/Content/EngineSky/VolumetricClouds/CloudGradientTexture.uasset" 917
"../../../Engine/Content/EngineSky/VolumetricClouds/m_SimpleVolumetricCloud.uasset" 918
"../../../Engine/Content/EngineSky/VolumetricClouds/m_SimpleVolumetricCloud_Inst.uasset" 919
"../../../Engine/Content/EngineSounds/Master.uasset" 920
"../../../Engine/Content/Functions/Engine_MaterialFunctions01/Shading/PowerToRoughness.uasset" 921
"../../../Engine/Content/Maps/Templates/Thumbnails/Default.uasset" 922
"../../../Engine/Content/Maps/Templates/Thumbnails/TimeOfDay.uasset" 923
"../../../Engine/Content/Maps/Templates/Thumbnails/VR-Basic.uasset" 924
"../../../Engine/Content/MobileResources/T_MobileControls_texture.uasset" 925
"../../../Engine/Content/MobileResources/T_MobileMenu2.uasset" 926
"../../../Engine/Content/MobileResources/HUD/AnalogHat.uasset" 927
"../../../Engine/Content/MobileResources/HUD/VirtualJoystick_Thumb.uasset" 928
"../../../Engine/Content/MobileResources/HUD/VirtualJoystick_Background.uasset" 929
"../../../Engine/Content/MobileResources/HUD/DefaultVirtualJoysticks.uasset" 930
"../../../Engine/Content/MobileResources/HUD/LeftVirtualJoystickOnly.uasset" 931
"../../../Engine/Content/MobileResources/HUD/MobileHUDButton1_off.uasset" 932
"../../../Engine/Content/MobileResources/HUD/MobileHUDButton1_on.uasset" 933
"../../../Engine/Content/MobileResources/HUD/MobileHUDButton2_off.uasset" 934
"../../../Engine/Content/MobileResources/HUD/MobileHUDButton2_on.uasset" 935
"../../../Engine/Content/MobileResources/HUD/MobileHUDButton3.uasset" 936
"../../../Engine/Content/MobileResources/HUD/MobileHUDButtonFire.uasset" 937
"../../../Engine/Content/MobileResources/HUD/MobileHUDDirectionPad.uasset" 938
"../../../Engine/Content/MobileResources/HUD/MobileHUDDirectionPad2.uasset" 939
"../../../Engine/Content/MobileResources/HUD/MobileHUDDirectionPad3.uasset" 940
"../../../Engine/Content/MobileResources/HUD/MobileHUDDirectionStick.uasset" 941
"../../../Engine/Content/MobileResources/HUD/T_Castle_ThumbstickInner.uasset" 942
"../../../Engine/Content/MobileResources/HUD/T_Castle_ThumbstickOutter.uasset" 943
"../../../Engine/Content/Tutorial/ContentIntroCurve.uasset" 944
"../../../Engine/Content/Tutorial/Basics/LevelEditorAttract.uasset" 945
"../../../Engine/Content/VREditor/TransformGizmo/TranslucentTransformGizmoMaterial.uasset" 946
"../../../Engine/Content/VREditor/LaserPointer/VR_LaserPower_01.uasset" 947
"../../../Engine/Content/VREditor/TransformGizmo/TransformGizmoMaterial.uasset" 948
"../../../Engine/Content/VREditor/TransformGizmo/BoundingBoxCorner.uasset" 949
"../../../Engine/Content/VREditor/TransformGizmo/BoundingBoxEdge.uasset" 950
"../../../Engine/Content/VREditor/TransformGizmo/PlaneTranslationHandle.uasset" 951
"../../../Engine/Content/VREditor/TransformGizmo/Xray.uasset" 952
"../../../Engine/Content/VREditor/TransformGizmo/Main.uasset" 953
"../../../Engine/Content/VREditor/TransformGizmo/SM_Sequencer_Key.uasset" 954
"../../../Engine/Content/VREditor/TransformGizmo/SM_Sequencer_Node.uasset" 955
"../../Plugins/2D/Paper2D/Content/PlaceholderTextures/DummySpriteTexture.uasset" 956
"../../Plugins/2D/Paper2D/Content/DummySprite.uasset" 957
"../../Plugins/2D/Paper2D/Content/DefaultPaperTerrainMaterial.uasset" 958
"../../Plugins/2D/Paper2D/Content/DefaultSpriteMaterial.uasset" 959
"../../Plugins/2D/Paper2D/Content/MaskedUnlitSpriteMaterial.uasset" 960
"../../Plugins/2D/Paper2D/Content/OpaqueUnlitSpriteMaterial.uasset" 961
"../../Plugins/Editor/SpeedTreeImporter/Content/SpeedTree9/UnpackInteger3.uasset" 962
"../../Plugins/Editor/SpeedTreeImporter/Content/SpeedTree9/UnpackDirection.uasset" 963
"../../Plugins/Editor/SpeedTreeImporter/Content/SpeedTree9/game_wind_noise.uasset" 964
"../../../Engine/Content/Functions/Engine_MaterialFunctions02/SafeNormalize.uasset" 965
"../../Plugins/Editor/SpeedTreeImporter/Content/SpeedTree9/SpeedTreeWindMotion.uasset" 966
"../../Plugins/Editor/SpeedTreeImporter/Content/SpeedTree9/SpeedTreeBranchMotion.uasset" 967
"../../../Engine/Content/Functions/Engine_MaterialFunctions02/ObjectLocalBounds.uasset" 968
"../../../Engine/Content/Functions/Engine_MaterialFunctions02/UVs/BoundingBoxBased_0-1_UVW.uasset" 969
"../../Plugins/Editor/SpeedTreeImporter/Content/SpeedTree9/SpeedTreeWind.uasset" 970
"../../Plugins/Editor/SpeedTreeImporter/Content/SpeedTree9/SpeedTreeBillboard.uasset" 971
"../../../Engine/Content/EngineResources/DefaultTexture.uasset" 972
"../../Plugins/Editor/SpeedTreeImporter/Content/SpeedTree9/SpeedTreeBillboardMaster.uasset" 973
"../../Plugins/Editor/SpeedTreeImporter/Content/SpeedTree9/SpeedTreeCameraFacing.uasset" 974
"../../Plugins/Editor/SpeedTreeImporter/Content/SpeedTree9/SpeedTreeMaster.uasset" 975
"../../../Engine/Content/BasicShapes/Cylinder.uasset" 976
"../../../Engine/Content/ArtTools/RenderToTexture/Materials/Debug/M_Emissive_Color.uasset" 977
"../../Plugins/Lumin/MagicLeapPassableWorld/Content/MagicLeapARPinInfoActor.uasset" 978
"../../Plugins/Marketplace/PowerIK/Content/Step_Height_Curve.uasset" 979
"../../Plugins/Marketplace/PowerIK/Content/Step_Speed_Curve.uasset" 980
"../../Plugins/Experimental/ControlRig/Content/M_Manip.uasset" 981
"../../Plugins/Experimental/ControlRig/Content/Controls/ControlRigGizmoMaterial.uasset" 982
"../../Plugins/Experimental/ControlRig/Content/Controls/ControlRig_Arrow2_1mm.uasset" 983
"../../Plugins/Experimental/ControlRig/Content/Controls/ControlRig_Arrow2_3mm.uasset" 984
"../../Plugins/Experimental/ControlRig/Content/Controls/ControlRig_Arrow2_solid.uasset" 985
"../../Plugins/Experimental/ControlRig/Content/Controls/ControlRig_Arrow4_1mm.uasset" 986
"../../Plugins/Experimental/ControlRig/Content/Controls/ControlRig_Arrow4_3mm.uasset" 987
"../../Plugins/Experimental/ControlRig/Content/Controls/ControlRig_Arrow4_solid.uasset" 988
"../../Plugins/Experimental/ControlRig/Content/Controls/ControlRig_Arrow_1mm.uasset" 989
"../../Plugins/Experimental/ControlRig/Content/Controls/ControlRig_Arrow_3mm.uasset" 990
"../../Plugins/Experimental/ControlRig/Content/Controls/ControlRig_Arrow_solid.uasset" 991
"../../Plugins/Experimental/ControlRig/Content/Controls/ControlRig_Box_1mm.uasset" 992
"../../Plugins/Experimental/ControlRig/Content/Controls/ControlRig_Box_3mm.uasset" 993
"../../Plugins/Experimental/ControlRig/Content/Controls/ControlRig_Box_solid.uasset" 994
"../../Plugins/Experimental/ControlRig/Content/Controls/ControlRig_Circle_1mm.uasset" 995
"../../Plugins/Experimental/ControlRig/Content/Controls/ControlRig_Circle_3mm.uasset" 996
"../../Plugins/Experimental/ControlRig/Content/Controls/ControlRig_Circle_solid.uasset" 997
"../../Plugins/Experimental/ControlRig/Content/Controls/ControlRig_Diamond_1mm.uasset" 998
"../../Plugins/Experimental/ControlRig/Content/Controls/ControlRig_Diamond_3mm.uasset" 999
"../../Plugins/Experimental/ControlRig/Content/Controls/ControlRig_Diamond_solid.uasset" 1000
"../../Plugins/Experimental/ControlRig/Content/Controls/ControlRig_HalfCircle_1mm.uasset" 1001
"../../Plugins/Experimental/ControlRig/Content/Controls/ControlRig_HalfCircle_3mm.uasset" 1002
"../../Plugins/Experimental/ControlRig/Content/Controls/ControlRig_HalfCircle_solid.uasset" 1003
"../../Plugins/Experimental/ControlRig/Content/Controls/ControlRig_Hexagon_1mm.uasset" 1004
"../../Plugins/Experimental/ControlRig/Content/Controls/ControlRig_Hexagon_3mm.uasset" 1005
"../../Plugins/Experimental/ControlRig/Content/Controls/ControlRig_Hexagon_solid.uasset" 1006
"../../Plugins/Experimental/ControlRig/Content/Controls/ControlRig_Octagon_1mm.uasset" 1007
"../../Plugins/Experimental/ControlRig/Content/Controls/ControlRig_Octagon_3mm.uasset" 1008
"../../Plugins/Experimental/ControlRig/Content/Controls/ControlRig_Octagon_solid.uasset" 1009
"../../Plugins/Experimental/ControlRig/Content/Controls/ControlRig_Pyramid_1mm.uasset" 1010
"../../Plugins/Experimental/ControlRig/Content/Controls/ControlRig_Pyramid_3mm.uasset" 1011
"../../Plugins/Experimental/ControlRig/Content/Controls/ControlRig_Pyramid_solid.uasset" 1012
"../../Plugins/Experimental/ControlRig/Content/Controls/ControlRig_QuarterCircle_1mm.uasset" 1013
"../../Plugins/Experimental/ControlRig/Content/Controls/ControlRig_QuarterCircle_3mm.uasset" 1014
"../../Plugins/Experimental/ControlRig/Content/Controls/ControlRig_QuarterCircle_solid.uasset" 1015
"../../Plugins/Experimental/ControlRig/Content/Controls/ControlRig_RoundedSquare_1mm.uasset" 1016
"../../Plugins/Experimental/ControlRig/Content/Controls/ControlRig_RoundedSquare_3mm.uasset" 1017
"../../Plugins/Experimental/ControlRig/Content/Controls/ControlRig_RoundedSquare_solid.uasset" 1018
"../../Plugins/Experimental/ControlRig/Content/Controls/ControlRig_RoundedTriangle_1mm.uasset" 1019
"../../Plugins/Experimental/ControlRig/Content/Controls/ControlRig_RoundedTriangle_3mm.uasset" 1020
"../../Plugins/Experimental/ControlRig/Content/Controls/ControlRig_RoundedTriangle_solid.uasset" 1021
"../../Plugins/Experimental/ControlRig/Content/Controls/ControlRig_Sphere_1mm.uasset" 1022
"../../Plugins/Experimental/ControlRig/Content/Controls/ControlRig_Sphere_3mm.uasset" 1023
"../../Plugins/Experimental/ControlRig/Content/Controls/ControlRig_Sphere_solid.uasset" 1024
"../../Plugins/Experimental/ControlRig/Content/Controls/ControlRig_Square_1mm.uasset" 1025
"../../Plugins/Experimental/ControlRig/Content/Controls/ControlRig_Square_3mm.uasset" 1026
"../../Plugins/Experimental/ControlRig/Content/Controls/ControlRig_Square_solid.uasset" 1027
"../../Plugins/Experimental/ControlRig/Content/Controls/ControlRig_Star4_1mm.uasset" 1028
"../../Plugins/Experimental/ControlRig/Content/Controls/ControlRig_Star4_3mm.uasset" 1029
"../../Plugins/Experimental/ControlRig/Content/Controls/ControlRig_Star4_solid.uasset" 1030
"../../Plugins/Experimental/ControlRig/Content/Controls/ControlRig_Triangle_1mm.uasset" 1031
"../../Plugins/Experimental/ControlRig/Content/Controls/ControlRig_Triangle_3mm.uasset" 1032
"../../Plugins/Experimental/ControlRig/Content/Controls/ControlRig_Triangle_solid.uasset" 1033
"../../Plugins/Experimental/ControlRig/Content/Controls/ControlRig_Wedge_1mm.uasset" 1034
"../../Plugins/Experimental/ControlRig/Content/Controls/ControlRig_Wedge_3mm.uasset" 1035
"../../Plugins/Experimental/ControlRig/Content/Controls/ControlRig_Wedge_solid.uasset" 1036
"../../Plugins/Experimental/ControlRig/Content/Controls/DefaultGizmoLibrary.uasset" 1037
"../../../Engine/Content/Functions/Engine_MaterialFunctions02/Utility/BreakOutFloat4Components.uasset" 1038
"../../../Engine/Content/Functions/Engine_MaterialFunctions02/Utility/MakeFloat3.uasset" 1039
"../../Plugins/Runtime/Oculus/OculusVR/Content/Materials/OculusMR_ChromaKey.uasset" 1040
"../../Plugins/Runtime/Oculus/OculusVR/Content/Materials/OculusMR_OpaqueColoredMaterial.uasset" 1041
"../../Plugins/Runtime/Oculus/OculusVR/Content/Materials/PokeAHoleMaterial.uasset" 1042
"M:/GitHub/ShooterProject/Content/Maps/ThirdPerson/Meshes/RampMaterial.uasset" 1043
"M:/GitHub/ShooterProject/Content/Maps/ThirdPerson/Meshes/RightArm_StaticMesh.uasset" 1044
"M:/GitHub/ShooterProject/Content/Maps/ThirdPerson/Meshes/Ramp_StaticMesh.uasset" 1045
"M:/GitHub/ShooterProject/Content/Maps/ThirdPerson/Meshes/LeftArm_StaticMesh.uasset" 1046
"M:/GitHub/ShooterProject/Content/Maps/ThirdPerson/Meshes/Bump_StaticMesh.uasset" 1047
"M:/GitHub/ShooterProject/Content/Maps/Geometry/Meshes/TemplateFloor.uasset" 1048
"../../../Engine/Content/EngineSky/T_Sky_Stars.uasset" 1049
"../../../Engine/Content/EngineSky/T_Sky_Clouds_M.uasset" 1050
"../../../Engine/Content/EngineSky/T_Sky_Blue.uasset" 1051
"../../../Engine/Content/BasicShapes/Plane.uasset" 1052
"../../../Engine/Content/EngineSky/M_Sky_Panning_Clouds2.uasset" 1053
"M:/GitHub/ShooterProject/Content/Maps/ThirdPersonExampleMap_BuiltData.uasset" 1054
"M:/GitHub/ShooterProject/Content/Blueprints/Items/Gear/BP_Gear_CombatGloves.uasset" 1055
"M:/GitHub/ShooterProject/Content/Maps/ThirdPerson/Meshes/Linear_Stair_StaticMesh.uasset" 1056
"M:/GitHub/ShooterProject/Content/Blueprints/Items/Gear/BP_Gear_CombatBoots.uasset" 1057
"M:/GitHub/ShooterProject/Content/Blueprints/Items/Gear/BP_Gear_CargoPants.uasset" 1058
"M:/GitHub/ShooterProject/Content/Maps/Geometry/Meshes/CubeMaterial.uasset" 1059
"M:/GitHub/ShooterProject/Content/Blueprints/Items/BP_Lamp.uasset" 1060
"../../../Engine/Content/EngineSky/SM_SkySphere.uasset" 1061
"../../../Engine/Content/EngineSky/C_Sky_Zenith_Color.uasset" 1062
"../../../Engine/Content/EngineSky/C_Sky_Horizon_Color.uasset" 1063
"../../../Engine/Content/EngineSky/C_Sky_Cloud_Color.uasset" 1064
"../../../Engine/Content/EngineSky/BP_Sky_Sphere.uasset" 1065
"M:/GitHub/ShooterProject/Content/Maps/ThirdPersonExampleMap.umap" 1066
"../../../Engine/Content/Maps/Entry_BuiltData.uasset" 1067
"../../../Engine/Content/Maps/Entry.umap" 1068
